Log file open, 08/07/18 21:25:45
LogWindows: Failed to load 'aqProf.dll' (GetLastError=126)
LogWindows: File 'aqProf.dll' does not exist
LogWindows: Failed to load 'VtuneApi.dll' (GetLastError=126)
LogWindows: File 'VtuneApi.dll' does not exist
LogWindows: Failed to load 'VtuneApi32e.dll' (GetLastError=126)
LogWindows: File 'VtuneApi32e.dll' does not exist
LogInit: Display: Running engine for game: CardsGame
LogPlatformFile: Not using cached read wrapper
LogInit: Display: RandInit(-684936864) SRandInit(-684936756).
LogInit: Read version file with build ID '3944462'
LogInit: Overriding engine version to CL 4033788, compatible CL 3944462
LogInit: Registered custom module enumerator with build ID '3944462'
LogTaskGraph: Started task graph with 5 named threads and 23 total threads with 3 sets of task threads.
LogStats: Stats thread started at 4.876978
LogD3D11RHI: Aftermath initialized
LogICUInternationalization: Display: ICU TimeZone Detection - Raw Offset: +3:00, Platform Override: ''
LogModuleManager: Display: Found up-to-date module file ../../../Engine/Plugins/2D/Paper2D/Binaries/Win64/UE4Editor-Paper2D.dll (API version 3944462).
LogModuleManager: Display: Found up-to-date module file ../../../Engine/Plugins/2D/Paper2D/Binaries/Win64/UE4Editor-Paper2DEditor.dll (API version 3944462).
LogModuleManager: Display: Found up-to-date module file ../../../Engine/Plugins/2D/Paper2D/Binaries/Win64/UE4Editor-PaperSpriteSheetImporter.dll (API version 3944462).
LogModuleManager: Display: Found up-to-date module file ../../../Engine/Plugins/2D/Paper2D/Binaries/Win64/UE4Editor-PaperTiledImporter.dll (API version 3944462).
LogModuleManager: Display: Found up-to-date module file ../../../Engine/Plugins/2D/Paper2D/Binaries/Win64/UE4Editor-SmartSnapping.dll (API version 3944462).
LogModuleManager: Display: Found up-to-date module file ../../../Engine/Plugins/Blendables/LightPropagationVolume/Binaries/Win64/UE4Editor-LightPropagationVolumeRuntime.dll (API version 3944462).
LogModuleManager: Display: Found up-to-date module file ../../../Engine/Plugins/Blendables/LightPropagationVolume/Binaries/Win64/UE4Editor-LightPropagationVolumeEditor.dll (API version 3944462).
LogModuleManager: Display: Found up-to-date module file ../../../Engine/Plugins/Developer/CLionSourceCodeAccess/Binaries/Win64/UE4Editor-CLionSourceCodeAccess.dll (API version 3944462).
LogModuleManager: Display: Found up-to-date module file ../../../Engine/Plugins/Developer/GitSourceControl/Binaries/Win64/UE4Editor-GitSourceControl.dll (API version 3944462).
LogModuleManager: Display: Found up-to-date module file ../../../Engine/Plugins/Developer/PerforceSourceControl/Binaries/Win64/UE4Editor-PerforceSourceControl.dll (API version 3944462).
LogModuleManager: Display: Found up-to-date module file ../../../Engine/Plugins/Developer/SubversionSourceControl/Binaries/Win64/UE4Editor-SubversionSourceControl.dll (API version 3944462).
LogModuleManager: Display: Found up-to-date module file ../../../Engine/Plugins/Developer/UObjectPlugin/Binaries/Win64/UE4Editor-UObjectPlugin.dll (API version 3944462).
LogModuleManager: Display: Found up-to-date module file ../../../Engine/Plugins/Developer/VisualStudioCodeSourceCodeAccess/Binaries/Win64/UE4Editor-VisualStudioCodeSourceCodeAccess.dll (API version 3944462).
LogModuleManager: Display: Found up-to-date module file ../../../Engine/Plugins/Developer/VisualStudioSourceCodeAccess/Binaries/Win64/UE4Editor-VisualStudioSourceCodeAccess.dll (API version 3944462).
LogModuleManager: Display: Found up-to-date module file ../../../Engine/Plugins/Editor/AssetManagerEditor/Binaries/Win64/UE4Editor-AssetManagerEditor.dll (API version 3944462).
LogModuleManager: Display: Found up-to-date module file ../../../Engine/Plugins/Editor/CryptoKeys/Binaries/Win64/UE4Editor-CryptoKeys.dll (API version 3944462).
LogModuleManager: Display: Found up-to-date module file ../../../Engine/Plugins/Editor/CryptoKeys/Binaries/Win64/UE4Editor-CryptoKeysOpenSSL.dll (API version 3944462).
LogModuleManager: Display: Found up-to-date module file ../../../Engine/Plugins/Editor/DataValidation/Binaries/Win64/UE4Editor-DataValidation.dll (API version 3944462).
LogModuleManager: Display: Found up-to-date module file ../../../Engine/Plugins/Editor/FacialAnimation/Binaries/Win64/UE4Editor-FacialAnimation.dll (API version 3944462).
LogModuleManager: Display: Found up-to-date module file ../../../Engine/Plugins/Editor/FacialAnimation/Binaries/Win64/UE4Editor-FacialAnimationEditor.dll (API version 3944462).
LogModuleManager: Display: Found up-to-date module file ../../../Engine/Plugins/Editor/GameplayTagsEditor/Binaries/Win64/UE4Editor-GameplayTagsEditor.dll (API version 3944462).
LogModuleManager: Display: Found up-to-date module file ../../../Engine/Plugins/Editor/MobileLauncherProfileWizard/Binaries/Win64/UE4Editor-MobileLauncherProfileWizard.dll (API version 3944462).
LogModuleManager: Display: Found up-to-date module file ../../../Engine/Plugins/Editor/PluginBrowser/Binaries/Win64/UE4Editor-PluginBrowser.dll (API version 3944462).
LogModuleManager: Display: Found up-to-date module file ../../../Engine/Plugins/Editor/SpeedTreeImporter/Binaries/Win64/UE4Editor-SpeedTreeImporter.dll (API version 3944462).
LogModuleManager: Display: Found up-to-date module file ../../../Engine/Plugins/Enterprise/DatasmithContent/Binaries/Win64/UE4Editor-DatasmithContent.dll (API version 3944462).
LogModuleManager: Display: Found up-to-date module file ../../../Engine/Plugins/Experimental/AlembicImporter/Binaries/Win64/UE4Editor-AlembicImporter.dll (API version 3944462).
LogModuleManager: Display: Found up-to-date module file ../../../Engine/Plugins/Experimental/AlembicImporter/Binaries/Win64/UE4Editor-AlembicLibrary.dll (API version 3944462).
LogModuleManager: Display: Found up-to-date module file ../../../Engine/Plugins/Experimental/CharacterAI/Binaries/Win64/UE4Editor-CharacterAI.dll (API version 3944462).
LogModuleManager: Display: Found up-to-date module file ../../../Engine/Plugins/Experimental/HTML5Networking/Binaries/Win64/UE4Editor-HTML5Networking.dll (API version 3944462).
LogModuleManager: Display: Found up-to-date module file ../../../Engine/Plugins/Media/AndroidMedia/Binaries/Win64/UE4Editor-AndroidMediaEditor.dll (API version 3944462).
LogModuleManager: Display: Found up-to-date module file ../../../Engine/Plugins/Media/AndroidMedia/Binaries/Win64/UE4Editor-AndroidMediaFactory.dll (API version 3944462).
LogModuleManager: Display: Found up-to-date module file ../../../Engine/Plugins/Media/AvfMedia/Binaries/Win64/UE4Editor-AvfMediaEditor.dll (API version 3944462).
LogModuleManager: Display: Found up-to-date module file ../../../Engine/Plugins/Media/AvfMedia/Binaries/Win64/UE4Editor-AvfMediaFactory.dll (API version 3944462).
LogModuleManager: Display: Found up-to-date module file ../../../Engine/Plugins/Media/AvfMedia/Binaries/Win64/UE4Editor-AvfMediaFactory.dll (API version 3944462).
LogModuleManager: Display: Found up-to-date module file ../../../Engine/Plugins/Media/ImgMedia/Binaries/Win64/UE4Editor-ImgMedia.dll (API version 3944462).
LogModuleManager: Display: Found up-to-date module file ../../../Engine/Plugins/Media/ImgMedia/Binaries/Win64/UE4Editor-ImgMediaEditor.dll (API version 3944462).
LogModuleManager: Display: Found up-to-date module file ../../../Engine/Plugins/Media/ImgMedia/Binaries/Win64/UE4Editor-ImgMediaFactory.dll (API version 3944462).
LogModuleManager: Display: Found up-to-date module file ../../../Engine/Plugins/Media/ImgMedia/Binaries/Win64/UE4Editor-ImgMediaFactory.dll (API version 3944462).
LogModuleManager: Display: Found up-to-date module file ../../../Engine/Plugins/Media/ImgMedia/Binaries/Win64/UE4Editor-OpenExrWrapper.dll (API version 3944462).
LogModuleManager: Display: Found up-to-date module file ../../../Engine/Plugins/Media/LinearTimecode/Binaries/Win64/UE4Editor-LinearTimecode.dll (API version 3944462).
LogModuleManager: Display: Found up-to-date module file ../../../Engine/Plugins/Media/MediaCompositing/Binaries/Win64/UE4Editor-MediaCompositing.dll (API version 3944462).
LogModuleManager: Display: Found up-to-date module file ../../../Engine/Plugins/Media/MediaCompositing/Binaries/Win64/UE4Editor-MediaCompositingEditor.dll (API version 3944462).
LogModuleManager: Display: Found up-to-date module file ../../../Engine/Plugins/Media/MediaPlayerEditor/Binaries/Win64/UE4Editor-MediaPlayerEditor.dll (API version 3944462).
LogModuleManager: Display: Found up-to-date module file ../../../Engine/Plugins/Media/WmfMedia/Binaries/Win64/UE4Editor-WmfMedia.dll (API version 3944462).
LogModuleManager: Display: Found up-to-date module file ../../../Engine/Plugins/Media/WmfMedia/Binaries/Win64/UE4Editor-WmfMediaEditor.dll (API version 3944462).
LogModuleManager: Display: Found up-to-date module file ../../../Engine/Plugins/Media/WmfMedia/Binaries/Win64/UE4Editor-WmfMediaFactory.dll (API version 3944462).
LogModuleManager: Display: Found up-to-date module file ../../../Engine/Plugins/Media/WmfMedia/Binaries/Win64/UE4Editor-WmfMediaFactory.dll (API version 3944462).
LogModuleManager: Display: Found up-to-date module file ../../../Engine/Plugins/Messaging/TcpMessaging/Binaries/Win64/UE4Editor-TcpMessaging.dll (API version 3944462).
LogModuleManager: Display: Found up-to-date module file ../../../Engine/Plugins/Messaging/UdpMessaging/Binaries/Win64/UE4Editor-UdpMessaging.dll (API version 3944462).
LogModuleManager: Display: Found up-to-date module file ../../../Engine/Plugins/MovieScene/ActorSequence/Binaries/Win64/UE4Editor-ActorSequence.dll (API version 3944462).
LogModuleManager: Display: Found up-to-date module file ../../../Engine/Plugins/MovieScene/LevelSequenceEditor/Binaries/Win64/UE4Editor-LevelSequenceEditor.dll (API version 3944462).
LogModuleManager: Display: Found up-to-date module file ../../../Engine/Plugins/MovieScene/MatineeToLevelSequence/Binaries/Win64/UE4Editor-MatineeToLevelSequence.dll (API version 3944462).
LogModuleManager: Display: Found up-to-date module file ../../../Engine/Plugins/NetcodeUnitTest/NetcodeUnitTest/Binaries/Win64/UE4Editor-NetcodeUnitTest.dll (API version 3944462).
LogModuleManager: Display: Found up-to-date module file ../../../Engine/Plugins/NetcodeUnitTest/NUTUnrealEngine4/Binaries/Win64/UE4Editor-NUTUnrealEngine4.dll (API version 3944462).
LogModuleManager: Display: Found up-to-date module file ../../../Engine/Plugins/Online/OnlineSubsystem/Binaries/Win64/UE4Editor-OnlineSubsystem.dll (API version 3944462).
LogModuleManager: Display: Found up-to-date module file ../../../Engine/Plugins/Runtime/AndroidPermission/Binaries/Win64/UE4Editor-AndroidPermission.dll (API version 3944462).
LogModuleManager: Display: Found up-to-date module file ../../../Engine/Plugins/Online/OnlineSubsystemNull/Binaries/Win64/UE4Editor-OnlineSubsystemNull.dll (API version 3944462).
LogModuleManager: Display: Found up-to-date module file ../../../Engine/Plugins/Online/OnlineSubsystemUtils/Binaries/Win64/UE4Editor-OnlineSubsystemUtils.dll (API version 3944462).
LogModuleManager: Display: Found up-to-date module file ../../../Engine/Plugins/Online/OnlineSubsystemUtils/Binaries/Win64/UE4Editor-OnlineBlueprintSupport.dll (API version 3944462).
LogModuleManager: Display: Found up-to-date module file ../../../Engine/Plugins/Runtime/AndroidDeviceProfileSelector/Binaries/Win64/UE4Editor-AndroidDeviceProfileSelector.dll (API version 3944462).
LogModuleManager: Display: Found up-to-date module file ../../../Engine/Plugins/Runtime/AppleARKit/Binaries/Win64/UE4Editor-AppleARKit.dll (API version 3944462).
LogModuleManager: Display: Found up-to-date module file ../../../Engine/Plugins/Runtime/ProceduralMeshComponent/Binaries/Win64/UE4Editor-ProceduralMeshComponent.dll (API version 3944462).
LogModuleManager: Display: Found up-to-date module file ../../../Engine/Plugins/Runtime/ProceduralMeshComponent/Binaries/Win64/UE4Editor-ProceduralMeshComponentEditor.dll (API version 3944462).
LogModuleManager: Display: Found up-to-date module file ../../../Engine/Plugins/Animation/LiveLink/Binaries/Win64/UE4Editor-LiveLink.dll (API version 3944462).
LogModuleManager: Display: Found up-to-date module file ../../../Engine/Plugins/Animation/LiveLink/Binaries/Win64/UE4Editor-LiveLinkEditor.dll (API version 3944462).
LogModuleManager: Display: Found up-to-date module file ../../../Engine/Plugins/Runtime/ArchVisCharacter/Binaries/Win64/UE4Editor-ArchVisCharacter.dll (API version 3944462).
LogModuleManager: Display: Found up-to-date module file ../../../Engine/Plugins/Runtime/AudioCapture/Binaries/Win64/UE4Editor-AudioCapture.dll (API version 3944462).
LogModuleManager: Display: Found up-to-date module file ../../../Engine/Plugins/Runtime/AudioCapture/Binaries/Win64/UE4Editor-AudioCaptureEditor.dll (API version 3944462).
LogModuleManager: Display: Found up-to-date module file ../../../Engine/Plugins/Runtime/CableComponent/Binaries/Win64/UE4Editor-CableComponent.dll (API version 3944462).
LogModuleManager: Display: Found up-to-date module file ../../../Engine/Plugins/Runtime/CustomMeshComponent/Binaries/Win64/UE4Editor-CustomMeshComponent.dll (API version 3944462).
LogModuleManager: Display: Found up-to-date module file ../../../Engine/Plugins/Runtime/ExampleDeviceProfileSelector/Binaries/Win64/UE4Editor-ExampleDeviceProfileSelector.dll (API version 3944462).
LogModuleManager: Display: Found up-to-date module file ../../../Engine/Plugins/Runtime/ImmediatePhysics/Binaries/Win64/UE4Editor-ImmediatePhysics.dll (API version 3944462).
LogModuleManager: Display: Found up-to-date module file ../../../Engine/Plugins/Runtime/ImmediatePhysics/Binaries/Win64/UE4Editor-ImmediatePhysicsEditor.dll (API version 3944462).
LogModuleManager: Display: Found up-to-date module file ../../../Engine/Plugins/Runtime/LocationServicesBPLibrary/Binaries/Win64/UE4Editor-LocationServicesBPLibrary.dll (API version 3944462).
LogModuleManager: Display: Found up-to-date module file ../../../Engine/Plugins/Runtime/MobilePatchingUtils/Binaries/Win64/UE4Editor-MobilePatchingUtils.dll (API version 3944462).
LogModuleManager: Display: Found up-to-date module file ../../../Engine/Plugins/Runtime/Oculus/OculusVR/Binaries/Win64/UE4Editor-OculusHMD.dll (API version 3944462).
LogModuleManager: Display: Found up-to-date module file ../../../Engine/Plugins/Runtime/Oculus/OculusVR/Binaries/Win64/UE4Editor-OculusInput.dll (API version 3944462).
LogModuleManager: Display: Found up-to-date module file ../../../Engine/Plugins/Runtime/Oculus/OculusVR/Binaries/Win64/UE4Editor-OculusEditor.dll (API version 3944462).
LogModuleManager: Display: Found up-to-date module file ../../../Engine/Plugins/Runtime/PhysXVehicles/Binaries/Win64/UE4Editor-PhysXVehicles.dll (API version 3944462).
LogModuleManager: Display: Found up-to-date module file ../../../Engine/Plugins/Runtime/PhysXVehicles/Binaries/Win64/UE4Editor-PhysXVehiclesEditor.dll (API version 3944462).
LogModuleManager: Display: Found up-to-date module file ../../../Engine/Plugins/Runtime/RuntimePhysXCooking/Binaries/Win64/UE4Editor-RuntimePhysXCooking.dll (API version 3944462).
LogModuleManager: Display: Found up-to-date module file ../../../Engine/Plugins/Runtime/Steam/SteamVR/Binaries/Win64/UE4Editor-SteamVR.dll (API version 3944462).
LogModuleManager: Display: Found up-to-date module file ../../../Engine/Plugins/Runtime/Steam/SteamVR/Binaries/Win64/UE4Editor-SteamVRController.dll (API version 3944462).
LogModuleManager: Display: Found up-to-date module file ../../../Engine/Plugins/Runtime/WindowsMoviePlayer/Binaries/Win64/UE4Editor-WindowsMoviePlayer.dll (API version 3944462).
LogPluginManager: Mounting plugin Paper2D
LogPluginManager: Mounting plugin LiveLink
LogPluginManager: Mounting plugin LightPropagationVolume
LogPluginManager: Mounting plugin CLionSourceCodeAccess
LogPluginManager: Mounting plugin CodeLiteSourceCodeAccess
LogPluginManager: Mounting plugin GitSourceControl
LogPluginManager: Mounting plugin KDevelopSourceCodeAccess
LogPluginManager: Mounting plugin NullSourceCodeAccess
LogPluginManager: Mounting plugin PerforceSourceControl
LogPluginManager: Mounting plugin SubversionSourceControl
LogPluginManager: Mounting plugin UObjectPlugin
LogPluginManager: Mounting plugin VisualStudioCodeSourceCodeAccess
LogPluginManager: Mounting plugin VisualStudioSourceCodeAccess
LogPluginManager: Mounting plugin XCodeSourceCodeAccess
LogPluginManager: Mounting plugin AssetManagerEditor
LogPluginManager: Mounting plugin CryptoKeys
LogPluginManager: Mounting plugin DataValidation
LogPluginManager: Mounting plugin FacialAnimation
LogPluginManager: Mounting plugin GameplayTagsEditor
LogPluginManager: Mounting plugin MobileLauncherProfileWizard
LogPluginManager: Mounting plugin PluginBrowser
LogPluginManager: Mounting plugin SpeedTreeImporter
LogPluginManager: Mounting plugin DatasmithContent
LogPluginManager: Mounting plugin AlembicImporter
LogPluginManager: Mounting plugin CharacterAI
LogPluginManager: Mounting plugin HTML5Networking
LogPluginManager: Mounting plugin AndroidMedia
LogPluginManager: Mounting plugin AvfMedia
LogPluginManager: Mounting plugin ImgMedia
LogPluginManager: Mounting plugin LinearTimecode
LogPluginManager: Mounting plugin MediaCompositing
LogPluginManager: Mounting plugin MediaPlayerEditor
LogPluginManager: Mounting plugin WmfMedia
LogPluginManager: Mounting plugin TcpMessaging
LogPluginManager: Mounting plugin UdpMessaging
LogPluginManager: Mounting plugin ActorSequence
LogPluginManager: Mounting plugin LevelSequenceEditor
LogPluginManager: Mounting plugin MatineeToLevelSequence
LogPluginManager: Mounting plugin NetcodeUnitTest
LogPluginManager: Mounting plugin NUTUnrealEngine4
LogPluginManager: Mounting plugin OnlineSubsystemGooglePlay
LogPluginManager: Mounting plugin OnlineSubsystemIOS
LogPluginManager: Mounting plugin OnlineSubsystem
LogPluginManager: Mounting plugin OnlineSubsystemNull
LogPluginManager: Mounting plugin OnlineSubsystemUtils
LogPluginManager: Mounting plugin AndroidDeviceProfileSelector
LogPluginManager: Mounting plugin AndroidMoviePlayer
LogPluginManager: Mounting plugin AndroidPermission
LogPluginManager: Mounting plugin AppleARKit
LogPluginManager: Mounting plugin AppleMoviePlayer
LogPluginManager: Mounting plugin ArchVisCharacter
LogPluginManager: Mounting plugin AudioCapture
LogPluginManager: Mounting plugin CableComponent
LogPluginManager: Mounting plugin CustomMeshComponent
LogPluginManager: Mounting plugin ExampleDeviceProfileSelector
LogPluginManager: Mounting plugin GoogleCloudMessaging
LogPluginManager: Mounting plugin ImmediatePhysics
LogPluginManager: Mounting plugin IOSDeviceProfileSelector
LogPluginManager: Mounting plugin LinuxDeviceProfileSelector
LogPluginManager: Mounting plugin LocationServicesBPLibrary
LogPluginManager: Mounting plugin MobilePatchingUtils
LogPluginManager: Mounting plugin OculusVR
LogPluginManager: Plugin shader directory ../../../Engine/Plugins/Runtime/Oculus/OculusVR/Shaders found
LogPluginManager: Mapping shader source directory ../../../Engine/Plugins/Runtime/Oculus/OculusVR/Shaders to virtual directory /Plugin/OculusVR
LogPluginManager: Mounting plugin PhysXVehicles
LogPluginManager: Mounting plugin ProceduralMeshComponent
LogPluginManager: Mounting plugin RuntimePhysXCooking
LogPluginManager: Mounting plugin SteamVR
LogPluginManager: Mounting plugin WindowsMoviePlayer
LogStreaming: Display: Took  5.660s to configure plugins.
LogInit: Using libcurl 7.47.1
LogInit:  - built for x86_64-pc-win32
LogInit:  - supports SSL with OpenSSL/1.0.2g
LogInit:  - supports HTTP deflate (compression) using libz 1.2.8
LogInit:  - other features:
LogInit:      CURL_VERSION_SSL
LogInit:      CURL_VERSION_LIBZ
LogInit:      CURL_VERSION_IPV6
LogInit:      CURL_VERSION_ASYNCHDNS
LogInit:      CURL_VERSION_LARGEFILE
LogInit:      CURL_VERSION_IDN
LogInit:  CurlRequestOptions (configurable via config and command line):
LogInit:  - bVerifyPeer = false  - Libcurl will NOT verify peer certificate
LogInit:  - bUseHttpProxy = false  - Libcurl will NOT use HTTP proxy
LogInit:  - bDontReuseConnections = false  - Libcurl will reuse connections
LogInit:  - CertBundlePath = nullptr  - Libcurl will use whatever was configured at build time.
LogInit:  - MaxHostConnections = 16  - Libcurl will limit the number of connections to a host
LogInit:  - LocalHostAddr = Default
LogInit: WinSock: version 1.1 (2.2), MaxSocks=32767, MaxUdp=65467
LogInit: WinSock: I am WIN-VO0BPA8VCTV (192.168.56.1:0)
LogInit: Build: ++UE4+Release-4.19-CL-4033788
LogInit: Engine Version: 4.19.2-4033788+++UE4+Release-4.19
LogInit: Compatible Engine Version: 4.19.0-3944462+++UE4+Release-4.19
LogInit: Net CL: 3944462
LogDevObjectVersion: Number of dev versions registered: 18
LogDevObjectVersion:   Dev-Blueprints (B0D832E4-1F89-4F0D-ACCF-7EB736FD4AA2): 10
LogDevObjectVersion:   Dev-Build (E1C64328-A22C-4D53-A36C-8E866417BD8C): 0
LogDevObjectVersion:   Dev-Core (375EC13C-06E4-48FB-B500-84F0262A717E): 2
LogDevObjectVersion:   Dev-Editor (E4B068ED-F494-42E9-A231-DA0B2E46BB41): 23
LogDevObjectVersion:   Dev-Framework (CFFC743F-43B0-4480-9391-14DF171D2073): 33
LogDevObjectVersion:   Dev-Mobile (B02B49B5-BB20-44E9-A304-32B752E40360): 2
LogDevObjectVersion:   Dev-Networking (A4E4105C-59A1-49B5-A7C5-40C4547EDFEE): 0
LogDevObjectVersion:   Dev-Online (39C831C9-5AE6-47DC-9A44-9C173E1C8E7C): 0
LogDevObjectVersion:   Dev-Physics (78F01B33-EBEA-4F98-B9B4-84EACCB95AA2): 0
LogDevObjectVersion:   Dev-Platform (6631380F-2D4D-43E0-8009-CF276956A95A): 0
LogDevObjectVersion:   Dev-Rendering (12F88B9F-8875-4AFC-A67C-D90C383ABD29): 25
LogDevObjectVersion:   Dev-Sequencer (7B5AE74C-D270-4C10-A958-57980B212A5A): 6
LogDevObjectVersion:   Dev-VR (D7296918-1DD6-4BDD-9DE2-64A83CC13884): 1
LogDevObjectVersion:   Dev-LoadTimes (C2A15278-BFE7-4AFE-6C17-90FF531DF755): 1
LogDevObjectVersion:   Private-Geometry (6EACA3D4-40EC-4CC1-B786-8BED09428FC5): 2
LogDevObjectVersion:   Dev-AnimPhys (29E575DD-E0A3-4627-9D10-D276232CDCEA): 16
LogDevObjectVersion:   Dev-ReflectionCapture (6B266CEC-1EC7-4B8F-A30B-E4D90942FC07): 1
LogDevObjectVersion:   Dev-Automation (0DF73D61-A23F-47EA-B727-89E90C41499A): 1
LogInit: Compiled (64-bit): Apr 27 2018 02:06:57
LogInit: Compiled with Visual C++: 19.00.24215.01
LogInit: Build Configuration: Development
LogInit: Branch Name: ++UE4+Release-4.19
LogInit: Command Line:  
LogInit: Base Directory: D:/Unreal Engine/Unreal Engine/UE_4.19/Engine/Binaries/Win64/
LogInit: Installed Engine Build: 1
LogStreaming: Display: Took  0.000s to delete old logs.
LogInit: Presizing for max 8388607 objects, including 0 objects not considered by GC, pre-allocating 0 bytes for permanent pool.
LogInit: Object subsystem initialized
[2018.08.07-18.25.52:681][  0]LogInit: Selected Device Profile: [Windows]
[2018.08.07-18.25.52:682][  0]LogInit: Applying CVar settings loaded from the selected device profile: [Windows]
[2018.08.07-18.25.52:887][  0]LogInit: Computer: WIN-VO0BPA8VCTV
[2018.08.07-18.25.52:887][  0]LogInit: User: NIK
[2018.08.07-18.25.52:887][  0]LogInit: CPU Page size=4096, Cores=4
[2018.08.07-18.25.52:887][  0]LogInit: High frequency timer resolution =24.000000 MHz
[2018.08.07-18.25.52:887][  0]LogMemory: Memory total: Physical=16.0GB (16GB approx)
[2018.08.07-18.25.52:887][  0]LogMemory: Platform Memory Stats for Windows
[2018.08.07-18.25.52:887][  0]LogMemory: Process Physical Memory: 277.48 MB used, 277.48 MB peak
[2018.08.07-18.25.52:887][  0]LogMemory: Process Virtual Memory: 268.25 MB used, 268.25 MB peak
[2018.08.07-18.25.52:887][  0]LogMemory: Physical Memory: 10436.16 MB used,  5896.95 MB free, 16333.12 MB total
[2018.08.07-18.25.52:887][  0]LogMemory: Virtual Memory: 645.50 MB used,  5896.95 MB free, 8388608.00 MB total
[2018.08.07-18.25.53:977][  0]LogInit: Using OS detected language (ru-RU).
[2018.08.07-18.25.53:977][  0]LogInit: Using OS detected locale (ru-RU).
[2018.08.07-18.25.54:167][  0]LogTextLocalizationManager: No localization for 'ru-RU' exists, so 'en' will be used for the language.
[2018.08.07-18.25.55:047][  0]LogStreaming: Display: Took  1.055s to EndInitTextLocalization.
[2018.08.07-18.25.55:082][  0]LogWindows: Failed to load 'shcore.dll' (GetLastError=126)
[2018.08.07-18.25.55:082][  0]LogWindows: File 'shcore.dll' does not exist
[2018.08.07-18.25.55:082][  0]LogInit: Setting process to DPI aware
[2018.08.07-18.25.55:373][  0]LogWindows: Failed to load 'shcore.dll' (GetLastError=126)
[2018.08.07-18.25.55:373][  0]LogWindows: File 'shcore.dll' does not exist
[2018.08.07-18.25.55:373][  0]LogInit: Setting process to DPI aware
[2018.08.07-18.25.56:075][  0]LogSlate: New Slate User Created.  User Index 0, Is Virtual User: 0
[2018.08.07-18.25.56:075][  0]LogSlate: Slate User Registered.  User Index 0, Is Virtual User: 0
[2018.08.07-18.25.56:632][  0]LogD3D11RHI: D3D11 adapters:
[2018.08.07-18.25.56:696][  0]LogD3D11RHI:    0. 'NVIDIA GeForce GTX 1060 6GB' (Feature Level 11_0)
[2018.08.07-18.25.56:696][  0]LogD3D11RHI:       6036/0/7910 MB DedicatedVideo/DedicatedSystem/SharedSystem, Outputs:2, VendorId:0x10de
[2018.08.07-18.25.56:696][  0]LogD3D11RHI: Chosen D3D11 Adapter: 0
[2018.08.07-18.25.56:729][  0]LogD3D11RHI: Creating new Direct3DDevice
[2018.08.07-18.25.56:730][  0]LogD3D11RHI:     GPU DeviceId: 0x1c03 (for the marketing name, search the web for "GPU Device Id")
[2018.08.07-18.25.56:730][  0]LogWindows: EnumDisplayDevices:
[2018.08.07-18.25.56:730][  0]LogWindows:    0. 'NVIDIA GeForce GTX 1060 6GB' (P:1 D:1)
[2018.08.07-18.25.56:730][  0]LogWindows:    1. 'NVIDIA GeForce GTX 1060 6GB' (P:0 D:1)
[2018.08.07-18.25.56:730][  0]LogWindows:    2. 'NVIDIA GeForce GTX 1060 6GB' (P:0 D:0)
[2018.08.07-18.25.56:731][  0]LogWindows:    3. 'NVIDIA GeForce GTX 1060 6GB' (P:0 D:0)
[2018.08.07-18.25.56:731][  0]LogWindows:    4. 'RDPDD Chained DD' (P:0 D:0)
[2018.08.07-18.25.56:731][  0]LogWindows:    5. 'RDP Encoder Mirror Driver' (P:0 D:0)
[2018.08.07-18.25.56:731][  0]LogWindows:    6. 'RDP Reflector Display Driver' (P:0 D:0)
[2018.08.07-18.25.56:731][  0]LogWindows: DebugString: GetVideoDriverDetailsInvalid PrimaryIsNotTheChoosenAdapter GetVideoDriverDetailsInvalid PrimaryIsNotTheChoosenAdapter GetVideoDriverDetailsInvalid PrimaryIsNotTheChoosenAdapter FoundDriverCount:4 
[2018.08.07-18.25.56:731][  0]LogD3D11RHI:     Adapter Name: NVIDIA GeForce GTX 1060 6GB
[2018.08.07-18.25.56:732][  0]LogD3D11RHI:   Driver Version: 391.35 (internal:23.21.13.9135, unified:391.35)
[2018.08.07-18.25.56:732][  0]LogD3D11RHI:      Driver Date: 3-23-2018
[2018.08.07-18.25.56:732][  0]LogRHI: Texture pool is 4225 MB (70% of 6036 MB)
[2018.08.07-18.25.56:884][  0]LogD3D11RHI: [Aftermath] Aftermath enabled and primed
[2018.08.07-18.25.56:884][  0]LogD3D11RHI: [Aftermath] Aftermath enabled and primed
[2018.08.07-18.25.56:884][  0]LogD3D11RHI: Async texture creation enabled
[2018.08.07-18.25.57:114][  0]LogD3D11RHI: GPU Timing Frequency: 1000.000000 (Debug: 2 2)
[2018.08.07-18.25.57:272][  0]LogShaderCompilers: Guid format shader working directory is 8 characters bigger than the processId version (H:/FogProject/FogFirstGame/CardsGame/Intermediate/Shaders/WorkingDirectory/4120/).
[2018.08.07-18.25.57:278][  0]LogShaderCompilers: Cleaned the shader compiler working directory 'C:/Users/NIK/AppData/Local/Temp/UnrealShaderWorkingDir/37A401614E2A928000D0969CFC025A79/'.
[2018.08.07-18.26.00:367][  0]LogTemp: Display: Loaded TP AllDesktopTargetPlatform
[2018.08.07-18.26.00:378][  0]LogTemp: Display: Loaded TP MacClientTargetPlatform
[2018.08.07-18.26.00:389][  0]LogTemp: Display: Loaded TP MacNoEditorTargetPlatform
[2018.08.07-18.26.00:399][  0]LogTemp: Display: Loaded TP MacServerTargetPlatform
[2018.08.07-18.26.00:436][  0]LogTemp: Display: Loaded TP MacTargetPlatform
[2018.08.07-18.26.00:447][  0]LogTemp: Display: Loaded TP WindowsClientTargetPlatform
[2018.08.07-18.26.00:458][  0]LogTemp: Display: Loaded TP WindowsNoEditorTargetPlatform
[2018.08.07-18.26.00:470][  0]LogTemp: Display: Loaded TP WindowsServerTargetPlatform
[2018.08.07-18.26.00:475][  0]LogTemp: Display: Loaded TP WindowsTargetPlatform
[2018.08.07-18.26.00:486][  0]LogTemp: Display: Loaded TP Android_ASTCTargetPlatform
[2018.08.07-18.26.00:497][  0]LogTemp: Display: Loaded TP Android_ATCTargetPlatform
[2018.08.07-18.26.00:508][  0]LogTemp: Display: Loaded TP Android_DXTTargetPlatform
[2018.08.07-18.26.00:518][  0]LogTemp: Display: Loaded TP Android_ETC1aTargetPlatform
[2018.08.07-18.26.00:529][  0]LogTemp: Display: Loaded TP Android_ETC1TargetPlatform
[2018.08.07-18.26.00:541][  0]LogTemp: Display: Loaded TP Android_ETC2TargetPlatform
[2018.08.07-18.26.00:599][  0]LogTemp: Display: Loaded TP Android_MultiTargetPlatform
[2018.08.07-18.26.00:599][  0]LogTemp: Display: Loaded TP Android_PVRTCTargetPlatform
[2018.08.07-18.26.00:638][  0]LogTemp: Display: Loaded TP AndroidTargetPlatform
[2018.08.07-18.26.00:641][  0]LogTemp: Display: Loaded TP HTML5TargetPlatform
[2018.08.07-18.26.00:718][  0]LogTemp: Display: Loaded TP IOSTargetPlatform
[2018.08.07-18.26.00:727][  0]LogTemp: Display: Loaded TP TVOSTargetPlatform
[2018.08.07-18.26.00:737][  0]LogTemp: Display: Loaded TP LinuxClientTargetPlatform
[2018.08.07-18.26.00:747][  0]LogTemp: Display: Loaded TP LinuxNoEditorTargetPlatform
[2018.08.07-18.26.00:758][  0]LogTemp: Display: Loaded TP LinuxServerTargetPlatform
[2018.08.07-18.26.00:785][  0]LogTemp: Display: Loaded TP LinuxTargetPlatform
[2018.08.07-18.26.00:785][  0]LogTargetPlatformManager: Display: Building Assets For Windows
[2018.08.07-18.26.01:701][  0]LogXGEController: Cleaning working directory: C:/Users/NIK/AppData/Local/Temp/UnrealXGEWorkingDir/
[2018.08.07-18.26.01:701][  0]LogXGEController: Cannot use XGE Controller as Incredibuild is not installed on this machine.
[2018.08.07-18.26.01:717][  0]LogShaderCompilers: Cannot use XGE Shader Compiler as Incredibuild is not installed on this machine.
[2018.08.07-18.26.01:717][  0]LogShaderCompilers: Display: Using Local Shader Compiler.
[2018.08.07-18.26.04:009][  0]LogDerivedDataCache: Display: Max Cache Size: 512 MB
[2018.08.07-18.26.04:652][  0]LogDerivedDataCache: Loaded boot cache 0.62s 74MB C:/Users/NIK/AppData/Local/UnrealEngine/4.19/DerivedDataCache/Boot.ddc.
[2018.08.07-18.26.04:652][  0]LogDerivedDataCache: Display: Loaded Boot cache: C:/Users/NIK/AppData/Local/UnrealEngine/4.19/DerivedDataCache/Boot.ddc
[2018.08.07-18.26.04:652][  0]LogDerivedDataCache: FDerivedDataBackendGraph:  Pak pak cache file H:/FogProject/FogFirstGame/CardsGame/DerivedDataCache/DDC.ddp not found, will not use a pak cache.
[2018.08.07-18.26.04:652][  0]LogDerivedDataCache: Unable to find inner node Pak for hierarchical cache Hierarchy.
[2018.08.07-18.26.04:652][  0]LogDerivedDataCache: FDerivedDataBackendGraph:  CompressedPak pak cache file H:/FogProject/FogFirstGame/CardsGame/DerivedDataCache/Compressed.ddp not found, will not use a pak cache.
[2018.08.07-18.26.04:652][  0]LogDerivedDataCache: Unable to find inner node CompressedPak for hierarchical cache Hierarchy.
[2018.08.07-18.26.04:746][  0]LogDerivedDataCache: Display: Pak cache opened for reading ../../../Engine/DerivedDataCache/Compressed.ddp.
[2018.08.07-18.26.04:775][  0]LogDerivedDataCache: Using Local data cache path C:/Users/NIK/AppData/Local/UnrealEngine/Common/DerivedDataCache: Writable
[2018.08.07-18.26.04:775][  0]LogDerivedDataCache: Shared data cache path not found in *engine.ini, will not use an Shared cache.
[2018.08.07-18.26.04:775][  0]LogDerivedDataCache: Unable to find inner node Shared for hierarchical cache Hierarchy.
[2018.08.07-18.26.04:854][  0]LogMaterial: Verifying Global Shaders for PCD3D_SM5
[2018.08.07-18.26.05:096][  0]LogSlate: Using Freetype 2.6.0
[2018.08.07-18.26.05:203][  0]LogSlate: SlateFontCache - WITH_FREETYPE: 1, WITH_HARFBUZZ: 1
[2018.08.07-18.26.05:203][  0]LogSlate: SlateFontCache - WITH_FREETYPE: 1, WITH_HARFBUZZ: 1
[2018.08.07-18.26.09:226][  0]LogAssetRegistry: FAssetRegistry took 0.0252 seconds to start up
[2018.08.07-18.26.14:402][  0]LogInit: Selected Device Profile: [Windows]
[2018.08.07-18.26.18:557][  0]LogSimplygon: Simplygon DLL not present - disabling.
[2018.08.07-18.26.18:764][  0]LogMeshReduction: Using SimplygonSwarm for distributed automatic mesh merging
[2018.08.07-18.26.18:780][  0]LogMeshReduction: Using QuadricMeshReduction for automatic static mesh reduction
[2018.08.07-18.26.18:780][  0]LogMeshReduction: No automatic skeletal mesh reduction module available
[2018.08.07-18.26.18:780][  0]LogMeshReduction: No automatic mesh merging module available
[2018.08.07-18.26.18:780][  0]LogMeshMerging: No automatic mesh merging module available
[2018.08.07-18.26.19:589][  0]LogNetVersion: CardsGame , NetCL: 3944462, EngineNetVer: 2, GameNetVer: 0 (Checksum: 2585125304)
[2018.08.07-18.26.21:215][  0]LogLinker: Warning: Can't find file '/Game/Fonts/Gondola_SD-Swash'
[2018.08.07-18.26.21:215][  0]LogLinker: Warning: Can't find file for asset '/Game/Fonts/Gondola_SD-Swash' while loading ../../../Engine/Content/EngineFonts/Roboto.uasset.
[2018.08.07-18.26.21:216][  0]LoadErrors: Error: /Engine/EngineFonts/Roboto : Can't find file for asset. /Game/Fonts/Gondola_SD-Swash
[2018.08.07-18.26.21:216][  0]LogLinker: Warning: Can't find file '/Game/Fonts/Gondola_SD'
[2018.08.07-18.26.21:216][  0]LogLinker: Warning: Can't find file for asset '/Game/Fonts/Gondola_SD' while loading ../../../Engine/Content/EngineFonts/Roboto.uasset.
[2018.08.07-18.26.21:216][  0]LoadErrors: Error: /Engine/EngineFonts/Roboto : Can't find file for asset. /Game/Fonts/Gondola_SD
[2018.08.07-18.26.21:217][  0]LogLinker: Warning: Can't find file '/Game/Fonts/Gondola_SD'
[2018.08.07-18.26.21:217][  0]LogLinker: Warning: Can't find file for asset '/Game/Fonts/Gondola_SD' while loading ../../../Engine/Content/EngineFonts/Roboto.uasset.
[2018.08.07-18.26.21:217][  0]LoadErrors: Error: /Engine/EngineFonts/Roboto : Can't find file for asset. /Game/Fonts/Gondola_SD
[2018.08.07-18.26.21:217][  0]LogLinker: Warning: Can't find file '/Game/Fonts/Gondola_SD-Swash'
[2018.08.07-18.26.21:217][  0]LogLinker: Warning: Can't find file for asset '/Game/Fonts/Gondola_SD-Swash' while loading ../../../Engine/Content/EngineFonts/Roboto.uasset.
[2018.08.07-18.26.21:217][  0]LoadErrors: Error: /Engine/EngineFonts/Roboto : Can't find file for asset. /Game/Fonts/Gondola_SD-Swash
[2018.08.07-18.26.21:233][  0]LogLinker: Warning: Can't find file '/Game/Fonts/Gondola_SD'
[2018.08.07-18.26.21:233][  0]LoadErrors: Failed to load /Game/Fonts/Gondola_SD.Gondola_SD Referenced by Roboto
[2018.08.07-18.26.21:233][  0]LogLinker: Warning: Can't find file for asset '/Game/Fonts/Gondola_SD' while loading NULL.
[2018.08.07-18.26.21:233][  0]LoadErrors: Failed to load /Game/Fonts/Gondola_SD.Gondola_SD Referenced by Roboto
[2018.08.07-18.26.21:233][  0]LogLinker: Warning: Can't find file '/Game/Fonts/Gondola_SD-Swash'
[2018.08.07-18.26.21:233][  0]LoadErrors: Failed to load /Game/Fonts/Gondola_SD-Swash.Gondola_SD-Swash Referenced by Roboto
[2018.08.07-18.26.21:233][  0]LogLinker: Warning: Can't find file for asset '/Game/Fonts/Gondola_SD-Swash' while loading NULL.
[2018.08.07-18.26.21:233][  0]LoadErrors: Failed to load /Game/Fonts/Gondola_SD-Swash.Gondola_SD-Swash Referenced by Roboto
[2018.08.07-18.26.23:974][  0]LogPackageLocalizationCache: Processed 9 localized package path(s) for 1 prioritized culture(s) in 0.052603 seconds
[2018.08.07-18.26.23:978][  0]LogUObjectArray: 36730 objects as part of root set at end of initial load.
[2018.08.07-18.26.23:978][  0]LogUObjectAllocator: 7314728 out of 0 bytes used by permanent object pool.
[2018.08.07-18.26.23:978][  0]LogUObjectArray: CloseDisregardForGC: 0/0 objects in disregard for GC pool
[2018.08.07-18.26.52:484][  0]LogTcpMessaging: Initializing TcpMessaging bridge
[2018.08.07-18.26.52:539][  0]LogUdpMessaging: Initializing bridge on interface 0.0.0.0:0 to multicast group 230.0.0.1:6666.
[2018.08.07-18.26.54:810][  0]SourceControl: Source control is disabled
[2018.08.07-18.26.54:810][  0]SourceControl: Source control is disabled
[2018.08.07-18.26.54:917][  0]SourceControl: Source control is disabled
[2018.08.07-18.26.54:947][  0]SourceControl: Source control is disabled
[2018.08.07-18.26.57:821][  0]LogAndroidPermission: UAndroidPermissionCallbackProxy::GetInstance
[2018.08.07-18.26.58:166][  0]LogOcInput: OculusInput pre-init called
[2018.08.07-18.26.58:628][  0]LogEngine: Initializing Engine...
[2018.08.07-18.26.58:668][  0]LogHMD: Failed to initialize OpenVR with code 110
[2018.08.07-18.26.58:702][  0]LogStats: UGameplayTagsManager::ConstructGameplayTagTree: Construct from data asset -  0.000 s
[2018.08.07-18.26.58:702][  0]LogStats: UGameplayTagsManager::ConstructGameplayTagTree: GameplayTagTreeChangedEvent.Broadcast -  0.000 s
[2018.08.07-18.27.00:518][  0]LogAIModule: Creating AISystem for world Untitled
[2018.08.07-18.27.00:688][  0]LogInit: XAudio2 using 'Динамики (RIG Game Audio)' : 2 channels at 44.1 kHz using 16 bits per sample (channel mask 0x3)
[2018.08.07-18.27.00:695][  0]LogInit: FAudioDevice initialized.
[2018.08.07-18.27.00:830][  0]LogDerivedDataCache: Saved boot cache 0.13s 74MB C:/Users/NIK/AppData/Local/UnrealEngine/4.19/DerivedDataCache/Boot.ddc.
[2018.08.07-18.27.00:878][  0]LogInit: Texture streaming: Enabled
[2018.08.07-18.27.01:115][  0]LogEngineSessionManager: EngineSessionManager initialized
[2018.08.07-18.27.01:794][  0]LogInit: Transaction tracking system initialized
[2018.08.07-18.27.02:674][  0]BlueprintLog: New page: Editor Load
[2018.08.07-18.27.03:743][  0]LocalizationService: Localization service is disabled
[2018.08.07-18.27.05:376][  0]LogConsoleResponse: Display: 
[2018.08.07-18.27.08:809][  0]LogFileCache: Scanning file cache for directory 'H:/FogProject/FogFirstGame/CardsGame/Content/' took 0.01s
[2018.08.07-18.27.08:809][  0]LogCook: Display: Max memory allowance for cook 16384mb min free memory 0mb
[2018.08.07-18.27.08:809][  0]LogCook: Display: Mobile HDR setting 1
[2018.08.07-18.27.08:809][  0]LogGameplayTags: Display: UGameplayTagsManager::DoneAddingNativeTags. DelegateIsBound: 0
[2018.08.07-18.27.08:809][  0]LogStats: UGameplayTagsManager::ConstructGameplayTagTree: Construct from data asset -  0.000 s
[2018.08.07-18.27.08:809][  0]LogStats: UGameplayTagsManager::ConstructGameplayTagTree: GameplayTagTreeChangedEvent.Broadcast -  0.000 s
[2018.08.07-18.27.13:400][  0]SourceControl: Source control is disabled
[2018.08.07-18.27.13:435][  0]Cmd: MAP LOAD FILE="H:/FogProject/FogFirstGame/CardsGame/Content/SideScrollerBP/Maps/SideScrollerExampleMap.umap" TEMPLATE=0 SHOWPROGRESS=1 FEATURELEVEL=3
[2018.08.07-18.27.13:450][  0]LightingResults: New page: Lighting Build
[2018.08.07-18.27.13:740][  0]MapCheck: New page: Map Check
[2018.08.07-18.27.13:740][  0]LightingResults: New page: Lighting Build
[2018.08.07-18.27.14:700][  0]LogUObjectGlobals: Created PersistentFrame Addr=0x00000000306869c0, Size=64, Default__ThirdPerson_AnimBP_C Function /Game/Mannequin/Animations/ThirdPerson_AnimBP.ThirdPerson_AnimBP_C:ExecuteUbergraph_ThirdPerson_AnimBP
[2018.08.07-18.27.14:801][  0]LogUObjectGlobals: Destroyed PersistentFrame Addr=0x00000000306869c0, Size=64
[2018.08.07-18.27.14:801][  0]LogUObjectGlobals: Created PersistentFrame Addr=0x0000000030686840, Size=64, Default__ThirdPerson_AnimBP_C Function /Engine/Transient.REINST_ThirdPerson_AnimBP_C_0:ExecuteUbergraph_ThirdPerson_AnimBP
[2018.08.07-18.27.14:865][  0]LogUObjectGlobals: Created PersistentFrame Addr=0x00000000305a2390, Size=72, Default__ThirdPerson_AnimBP_C Function /Game/Mannequin/Animations/ThirdPerson_AnimBP.ThirdPerson_AnimBP_C:ExecuteUbergraph_ThirdPerson_AnimBP
[2018.08.07-18.27.15:575][  0]LogUObjectGlobals: Created PersistentFrame Addr=0x0000000030593388, Size=56, Default__SideScrollerCharacter_C Function /Game/SideScrollerBP/Blueprints/SideScrollerCharacter.SideScrollerCharacter_C:ExecuteUbergraph_SideScrollerCharacter
[2018.08.07-18.27.15:611][  0]LogUObjectGlobals: Destroyed PersistentFrame Addr=0x0000000030593388, Size=56
[2018.08.07-18.27.15:611][  0]LogUObjectGlobals: Created PersistentFrame Addr=0x0000000030593388, Size=56, Default__SideScrollerCharacter_C Function /Engine/Transient.REINST_SideScrollerCharacter_C_4:ExecuteUbergraph_SideScrollerCharacter
[2018.08.07-18.27.15:614][  0]LogUObjectGlobals: Created PersistentFrame Addr=0x00000000305c89a0, Size=160, Default__SideScrollerCharacter_C Function /Game/SideScrollerBP/Blueprints/SideScrollerCharacter.SideScrollerCharacter_C:ExecuteUbergraph_SideScrollerCharacter
[2018.08.07-18.27.16:880][  0]LogSkeletalMesh: Skeletal Mesh found in DDC [28.837708ms] /Game/Mannequin/Character/Mesh/SK_Mannequin.SK_Mannequin
[2018.08.07-18.27.17:358][  0]LogAIModule: Creating AISystem for world SideScrollerExampleMap
[2018.08.07-18.27.17:966][  0]LogEditorServer: Finished looking for orphan Actors (0.000 secs)
[2018.08.07-18.27.18:050][  0]LogUObjectGlobals: Destroyed PersistentFrame Addr=0x0000000030686840, Size=64
[2018.08.07-18.27.18:062][  0]LogUObjectGlobals: Destroyed PersistentFrame Addr=0x0000000030593388, Size=56
[2018.08.07-18.27.18:103][  0]Cmd: MAP CHECKDEP NOCLEARLOG
[2018.08.07-18.27.18:127][  0]MapCheck: Map check complete: 0 Error(s), 0 Warning(s), took 23,515ms to complete.
[2018.08.07-18.27.18:127][  0]LogFileHelpers: Loading map 'SideScrollerExampleMap' took 4.702
[2018.08.07-18.27.19:771][  0]LogCollectionManager: Loaded 0 collections in 0.001084 seconds
[2018.08.07-18.27.19:893][  0]LogFileCache: Scanning file cache for directory 'H:/FogProject/FogFirstGame/CardsGame/Saved/Collections/' took 0.01s
[2018.08.07-18.27.19:893][  0]LogFileCache: Scanning file cache for directory 'H:/FogProject/FogFirstGame/CardsGame/Content/Developers/NIK/Collections/' took 0.01s
[2018.08.07-18.27.19:893][  0]LogFileCache: Scanning file cache for directory 'H:/FogProject/FogFirstGame/CardsGame/Content/Collections/' took 0.01s
[2018.08.07-18.27.19:893][  0]LogCollectionManager: Rebuilt the GUID cache for 0 collections in 0.000005 seconds
[2018.08.07-18.27.19:901][  0]LogContentBrowser: Native class hierarchy populated in 0.0073 seconds. Added 2453 classes and 560 folders.
[2018.08.07-18.27.19:978][  0]LogContentBrowser: Native class hierarchy updated for 'WidgetCarousel' in 0.0002 seconds. Added 0 classes and 0 folders.
[2018.08.07-18.27.20:958][  0]LogContentBrowser: Native class hierarchy updated for 'AddContentDialog' in 0.0002 seconds. Added 0 classes and 0 folders.
[2018.08.07-18.27.21:098][  0]LogSlate: Took 0.020308 seconds to synchronously load lazily loaded font '../../../Engine/Content/Slate/Fonts/Roboto-Regular.ttf' (155K)
[2018.08.07-18.27.21:157][  0]LogSlate: Took 0.038333 seconds to synchronously load lazily loaded font '../../../Engine/Content/Slate/Fonts/Roboto-Bold.ttf' (160K)
[2018.08.07-18.27.21:207][  0]LogSlate: Took 0.021190 seconds to synchronously load lazily loaded font '../../../Engine/Content/Editor/Slate/Fonts/FontAwesome.ttf' (139K)
[2018.08.07-18.27.21:633][  0]LogRenderer: Reallocating scene render targets to support 1416x964 Format 10 NumSamples 1 (Frame:1).
[2018.08.07-18.27.22:707][  0]LogContentBrowser: Native class hierarchy updated for 'HierarchicalLODOutliner' in 0.0002 seconds. Added 0 classes and 0 folders.
[2018.08.07-18.27.22:707][  0]LogLoad: (Engine Initialization) Total time: 115.54 seconds
[2018.08.07-18.27.22:707][  0]LogLoad: (Engine Initialization) Total Blueprint compile time: 0.00 seconds
[2018.08.07-18.27.23:110][  0]LogContentStreaming: Texture pool size now 1000 MB
[2018.08.07-18.27.23:196][  0]LogSlate: Took 0.033213 seconds to synchronously load lazily loaded font '../../../Engine/Content/Slate/Fonts/Roboto-Light.ttf' (167K)
[2018.08.07-18.27.23:454][  1]LogFileCache: Retrieving MD5 hashes for directory 'H:/FogProject/FogFirstGame/CardsGame/Content/' took 0.36s
[2018.08.07-18.27.23:798][  2]LogAssetRegistry: Asset discovery search completed in 74.5924 seconds
[2018.08.07-18.27.23:799][  2]LogCollectionManager: Rebuilt the object cache for 0 collections in 0.000004 seconds (found 0 objects)
[2018.08.07-18.27.23:799][  2]LogCollectionManager: Fixed up redirectors for 0 collections in 0.000071 seconds (updated 0 objects)
[2018.08.07-18.27.26:148][  9]LogSlate: Took 0.000111 seconds to synchronously load lazily loaded font '../../../Engine/Content/Slate/Fonts/Roboto-Light.ttf' (167K)
[2018.08.07-18.27.30:508][ 22]LogSlate: FSceneViewport::OnFocusLost() reason 0
[2018.08.07-18.27.30:755][ 22]AssetReimport: New page: Outstanding source content changes 0:27:30
[2018.08.07-18.27.30:831][ 23]LogFactory: FactoryCreateFile: StaticMesh with FbxFactory (0 0 H:/FogProject/FogFirstGame/CardsGame/Content/Level/стенокно.obj)
[2018.08.07-18.27.31:408][ 23]LogFbx: Loading FBX Scene from H:/FogProject/FogFirstGame/CardsGame/Content/Level/стенокно.obj
[2018.08.07-18.27.31:504][ 23]LogFbx: FBX Scene Loaded Succesfully
[2018.08.07-18.27.39:703][ 23]LogSlate: Window 'FBX Import Options' being destroyed
[2018.08.07-18.27.40:039][ 23]LogFbx: Loading FBX Scene from H:/FogProject/FogFirstGame/CardsGame/Content/Level/стенокно.obj
[2018.08.07-18.27.40:046][ 23]LogFbx: FBX Scene Loaded Succesfully
[2018.08.07-18.27.40:237][ 23]LogMaterial: Missing cached shader map for material defaultMat, compiling. 
[2018.08.07-18.27.40:736][ 23]LogStaticMesh: Building static mesh стенокно...
[2018.08.07-18.27.40:802][ 23]LogStaticMesh: Built static mesh [0.38s] /Game/Level/стенокно.стенокно
[2018.08.07-18.27.41:372][ 23]LogSlate: FSceneViewport::OnFocusLost() reason 2
[2018.08.07-18.27.41:695][ 24]LogSynthBenchmark: Display: FSynthBenchmark (V0.95):  requested WorkScale=5.00
[2018.08.07-18.27.41:695][ 24]LogSynthBenchmark: Display: ===============
[2018.08.07-18.27.41:695][ 24]LogSynthBenchmark: Display: Main Processor:
[2018.08.07-18.27.41:872][ 24]LogSynthBenchmark: Display:          ... 0.018381 s/Run 'RayIntersect'
[2018.08.07-18.27.41:872][ 24]LogSynthBenchmark: Display:          ... 0.017105 s/Run 'Fractal'
[2018.08.07-18.27.41:872][ 24]LogSynthBenchmark: Display: 
[2018.08.07-18.27.41:872][ 24]LogSynthBenchmark: Display:   CompiledTarget_x_Bits: 64
[2018.08.07-18.27.41:872][ 24]LogSynthBenchmark: Display:   UE_BUILD_SHIPPING: 0
[2018.08.07-18.27.41:872][ 24]LogSynthBenchmark: Display:   UE_BUILD_TEST: 0
[2018.08.07-18.27.41:872][ 24]LogSynthBenchmark: Display:   UE_BUILD_DEBUG: 0
[2018.08.07-18.27.41:872][ 24]LogSynthBenchmark: Display:   TotalPhysicalGBRam: 16
[2018.08.07-18.27.41:872][ 24]LogSynthBenchmark: Display:   NumberOfCores (physical): 4
[2018.08.07-18.27.41:872][ 24]LogSynthBenchmark: Display:   NumberOfCores (logical): 8
[2018.08.07-18.27.41:872][ 24]LogSynthBenchmark: Display:   CPU Perf Index 0: 139.3 (weight 1.00)
[2018.08.07-18.27.41:872][ 24]LogSynthBenchmark: Display:   CPU Perf Index 1: 167.2 (weight 1.50)
[2018.08.07-18.27.41:872][ 24]LogSynthBenchmark: Display:  
[2018.08.07-18.27.41:872][ 24]LogSynthBenchmark: Display: Graphics:
[2018.08.07-18.27.41:873][ 24]LogSynthBenchmark: Display:   Adapter Name: 'NVIDIA GeForce GTX 1060 6GB'
[2018.08.07-18.27.41:873][ 24]LogSynthBenchmark: Display:   (On Optimus the name might be wrong, memory should be ok)
[2018.08.07-18.27.41:873][ 24]LogSynthBenchmark: Display:   Vendor Id: 0x10DE
[2018.08.07-18.27.41:873][ 24]LogSynthBenchmark: Display:   Device Id: 0x1C03
[2018.08.07-18.27.41:873][ 24]LogSynthBenchmark: Display:   Device Revision: 0xA1
[2018.08.07-18.27.41:873][ 24]LogSynthBenchmark: Display:   GPU Memory: 6037/0/7911 MB
[2018.08.07-18.27.42:397][ 24]LogSynthBenchmark: Display:   GPU first test: 0.06s
[2018.08.07-18.27.42:397][ 24]LogSynthBenchmark: Display:          ... 2.191 s/GigaPix, Confidence=100% 'ALUHeavyNoise' (likely to be very inaccurate)
[2018.08.07-18.27.42:397][ 24]LogSynthBenchmark: Display:          ... 1.641 s/GigaPix, Confidence=100% 'TexHeavy' (likely to be very inaccurate)
[2018.08.07-18.27.42:397][ 24]LogSynthBenchmark: Display:          ... 1.411 s/GigaPix, Confidence=89% 'DepTexHeavy' (likely to be very inaccurate)
[2018.08.07-18.27.42:397][ 24]LogSynthBenchmark: Display:          ... 7.876 s/GigaPix, Confidence=100% 'FillOnly' (likely to be very inaccurate)
[2018.08.07-18.27.42:397][ 24]LogSynthBenchmark: Display:          ... 0.291 s/GigaPix, Confidence=100% 'Bandwidth' (likely to be very inaccurate)
[2018.08.07-18.27.42:397][ 24]LogSynthBenchmark: Display:          ... 0.327 s/GigaVert, Confidence=100% 'VertThroughPut1' (likely to be very inaccurate)
[2018.08.07-18.27.42:397][ 24]LogSynthBenchmark: Display:          ... 1.903 s/GigaVert, Confidence=100% 'VertThroughPut2' (likely to be very inaccurate)
[2018.08.07-18.27.42:753][ 24]LogSynthBenchmark: Display:   GPU second test: 0.23s
[2018.08.07-18.27.42:753][ 24]LogSynthBenchmark: Display:          ... 9.725 s/GigaPix, Confidence=51% 'ALUHeavyNoise' (likely to be inaccurate)
[2018.08.07-18.27.42:753][ 24]LogSynthBenchmark: Display:          ... 7.824 s/GigaPix, Confidence=51% 'TexHeavy' (likely to be inaccurate)
[2018.08.07-18.27.42:753][ 24]LogSynthBenchmark: Display:          ... 7.215 s/GigaPix, Confidence=51% 'DepTexHeavy' (likely to be inaccurate)
[2018.08.07-18.27.42:753][ 24]LogSynthBenchmark: Display:          ... 42.907 s/GigaPix, Confidence=51% 'FillOnly' (likely to be inaccurate)
[2018.08.07-18.27.42:754][ 24]LogSynthBenchmark: Display:          ... 1.050 s/GigaPix, Confidence=51% 'Bandwidth' (likely to be inaccurate)
[2018.08.07-18.27.42:754][ 24]LogSynthBenchmark: Display:          ... 4.492 s/GigaVert, Confidence=51% 'VertThroughPut1' (likely to be inaccurate)
[2018.08.07-18.27.42:754][ 24]LogSynthBenchmark: Display:          ... 5.771 s/GigaVert, Confidence=51% 'VertThroughPut2' (likely to be inaccurate)
[2018.08.07-18.27.42:754][ 24]LogSynthBenchmark: Display:   GPU Final Results:
[2018.08.07-18.27.42:754][ 24]LogSynthBenchmark: Display:          ... 9.725 s/GigaPix, Confidence=51% 'ALUHeavyNoise'
[2018.08.07-18.27.42:754][ 24]LogSynthBenchmark: Display:          ... 7.824 s/GigaPix, Confidence=51% 'TexHeavy'
[2018.08.07-18.27.42:754][ 24]LogSynthBenchmark: Display:          ... 7.215 s/GigaPix, Confidence=51% 'DepTexHeavy'
[2018.08.07-18.27.42:754][ 24]LogSynthBenchmark: Display:          ... 42.907 s/GigaPix, Confidence=51% 'FillOnly'
[2018.08.07-18.27.42:754][ 24]LogSynthBenchmark: Display:          ... 1.050 s/GigaPix, Confidence=51% 'Bandwidth'
[2018.08.07-18.27.42:754][ 24]LogSynthBenchmark: Display:          ... 4.492 s/GigaVert, Confidence=51% 'VertThroughPut1'
[2018.08.07-18.27.42:754][ 24]LogSynthBenchmark: Display:          ... 5.771 s/GigaVert, Confidence=51% 'VertThroughPut2'
[2018.08.07-18.27.42:754][ 24]LogSynthBenchmark: Display: 
[2018.08.07-18.27.42:754][ 24]LogSynthBenchmark: Display:   GPU Perf Index 0: 211.4 (weight 1.00)
[2018.08.07-18.27.42:754][ 24]LogSynthBenchmark: Display:   GPU Perf Index 1: 105.1 (weight 0.10)
[2018.08.07-18.27.42:754][ 24]LogSynthBenchmark: Display:   GPU Perf Index 2: 187.6 (weight 0.10)
[2018.08.07-18.27.42:754][ 24]LogSynthBenchmark: Display:   GPU Perf Index 3: 168.5 (weight 3.00)
[2018.08.07-18.27.42:754][ 24]LogSynthBenchmark: Display:   GPU Perf Index 4: 98.0 (weight 1.00)
[2018.08.07-18.27.42:754][ 24]LogSynthBenchmark: Display:   GPU Perf Index 5: 292.2 (weight 0.00)
[2018.08.07-18.27.42:754][ 24]LogSynthBenchmark: Display:   GPU Perf Index 6: 326.6 (weight 0.00)
[2018.08.07-18.27.42:754][ 24]LogSynthBenchmark: Display:   CPUIndex: 156.1
[2018.08.07-18.27.42:754][ 24]LogSynthBenchmark: Display:   GPUIndex: 162.3
[2018.08.07-18.27.42:755][ 24]LogSynthBenchmark: Display: 
[2018.08.07-18.27.42:755][ 24]LogSynthBenchmark: Display:          ... Total Time: 1.059937 sec
[2018.08.07-18.27.44:134][ 24]LogSlate: Window 'Message Log' being destroyed
[2018.08.07-18.27.44:136][ 24]LogSlate: Window 'Message Log' being destroyed
[2018.08.07-18.27.44:163][ 24]LogFactory: FactoryCreateFile: StaticMesh with FbxFactory (0 0 H:/FogProject/FogFirstGame/CardsGame/Content/Level/типо витраж.obj)
[2018.08.07-18.27.44:172][ 24]LogFbx: Loading FBX Scene from H:/FogProject/FogFirstGame/CardsGame/Content/Level/типо витраж.obj
[2018.08.07-18.27.44:265][ 24]LogFbx: FBX Scene Loaded Succesfully
[2018.08.07-18.27.44:287][ 24]LogSlate: FSceneViewport::OnFocusLost() reason 2
[2018.08.07-18.27.45:813][ 24]LogSlate: Window 'FBX Import Options' being destroyed
[2018.08.07-18.27.45:832][ 24]LogFbx: Loading FBX Scene from H:/FogProject/FogFirstGame/CardsGame/Content/Level/типо витраж.obj
[2018.08.07-18.27.45:883][ 24]LogFbx: FBX Scene Loaded Succesfully
[2018.08.07-18.27.45:902][ 24]LogMaterial: Missing cached shader map for material defaultMat1, compiling. 
[2018.08.07-18.27.45:930][ 24]LogStaticMesh: Building static mesh типо_витраж...
[2018.08.07-18.27.46:310][ 24]LogStaticMesh: Built static mesh [0.39s] /Game/Level/типо_витраж.типо_витраж
[2018.08.07-18.27.46:422][ 24]LogSlate: FSceneViewport::OnFocusLost() reason 2
[2018.08.07-18.27.46:747][ 25]Cmd: OBJ SAVEPACKAGE PACKAGE="/Game/Level/стенокно" FILE="H:/FogProject/FogFirstGame/CardsGame/Content/Level/стенокно.uasset" SILENT=true
[2018.08.07-18.27.46:805][ 25]LogSavePackage: Save=57.51ms
[2018.08.07-18.27.46:805][ 25]LogSavePackage: Moving 'H:/FogProject/FogFirstGame/CardsGame/Saved/стенокно8A724C7649FC8DF607BC8FB227EABCDA.tmp' to 'H:/FogProject/FogFirstGame/CardsGame/Content/Level/стенокно.uasset'
[2018.08.07-18.27.46:805][ 25]LogSavePackage: Display: Finished SavePackage H:/FogProject/FogFirstGame/CardsGame/Content/Level/стенокно.uasset
[2018.08.07-18.27.46:849][ 25]Cmd: OBJ SAVEPACKAGE PACKAGE="/Game/Level/типо_витраж" FILE="H:/FogProject/FogFirstGame/CardsGame/Content/Level/типо_витраж.uasset" SILENT=true
[2018.08.07-18.27.46:880][ 25]LogSavePackage: Save=29.51ms
[2018.08.07-18.27.46:880][ 25]LogSavePackage: Moving 'H:/FogProject/FogFirstGame/CardsGame/Saved/типо_витражB0C6A0C04EF5D8057D38EA8434A0F9F8.tmp' to 'H:/FogProject/FogFirstGame/CardsGame/Content/Level/типо_витраж.uasset'
[2018.08.07-18.27.46:881][ 25]LogSavePackage: Display: Finished SavePackage H:/FogProject/FogFirstGame/CardsGame/Content/Level/типо_витраж.uasset
[2018.08.07-18.27.49:526][295]LogSlate: FSceneViewport::OnFocusLost() reason 0
[2018.08.07-18.27.49:659][306]LogSlate: Window 'Message Log' being destroyed
[2018.08.07-18.27.49:666][306]LogSlate: Window 'Message Log' being destroyed
[2018.08.07-18.27.49:894][329]AssetReimport: Importing new asset /Game/Level/стенокно.
[2018.08.07-18.27.49:894][329]AssetReimport: Importing new asset /Game/Level/типо_витраж.
[2018.08.07-18.27.50:801][423]LogSlate: FSceneViewport::OnFocusLost() reason 0
[2018.08.07-18.30.07:343][524]LogEditorViewport: Clicking on Actor (context menu): StaticMeshActor (Floor)
[2018.08.07-18.30.07:903][524]LogSlate: FSceneViewport::OnFocusLost() reason 2
[2018.08.07-18.30.15:676][791]LogSlate: Window 'Save Content' being destroyed
[2018.08.07-18.30.15:691][791]LogSlate: FSceneViewport::OnFocusLost() reason 2
[2018.08.07-18.30.15:720][791]Cmd: OBJ SAVEPACKAGE PACKAGE="/Game/Level/defaultMat" FILE="H:/FogProject/FogFirstGame/CardsGame/Content/Level/defaultMat.uasset" SILENT=true
[2018.08.07-18.30.15:761][791]LogSavePackage: Save=40.52ms
[2018.08.07-18.30.15:761][791]LogSavePackage: Moving 'H:/FogProject/FogFirstGame/CardsGame/Saved/defaultMat0CDEE0E54A0069A2D53F198D444EA107.tmp' to 'H:/FogProject/FogFirstGame/CardsGame/Content/Level/defaultMat.uasset'
[2018.08.07-18.30.15:761][791]LogSavePackage: Display: Finished SavePackage H:/FogProject/FogFirstGame/CardsGame/Content/Level/defaultMat.uasset
[2018.08.07-18.30.15:785][791]Cmd: OBJ SAVEPACKAGE PACKAGE="/Game/Level/defaultMat1" FILE="H:/FogProject/FogFirstGame/CardsGame/Content/Level/defaultMat1.uasset" SILENT=true
[2018.08.07-18.30.15:806][791]LogSavePackage: Save=20.94ms
[2018.08.07-18.30.15:806][791]LogSavePackage: Moving 'H:/FogProject/FogFirstGame/CardsGame/Saved/defaultMat173C6986C48F5FB8B05A780958FBA739E.tmp' to 'H:/FogProject/FogFirstGame/CardsGame/Content/Level/defaultMat1.uasset'
[2018.08.07-18.30.15:807][791]LogSavePackage: Display: Finished SavePackage H:/FogProject/FogFirstGame/CardsGame/Content/Level/defaultMat1.uasset
[2018.08.07-18.30.15:869][791]LogSlate: Window 'CardsGame - Unreal Editor' being destroyed
[2018.08.07-18.30.16:073][792]Cmd: QUIT_EDITOR
[2018.08.07-18.30.16:198][792]LogSlate: Slate User Destroyed.  User Index 0, Is Virtual User: 0
[2018.08.07-18.30.16:204][792]LogExit: Preparing to exit.
[2018.08.07-18.30.16:755][792]LogExit: Editor shut down
[2018.08.07-18.30.16:758][792]LogExit: Transaction tracking system shut down
[2018.08.07-18.30.16:759][792]LogUObjectGlobals: Destroyed PersistentFrame Addr=0x00000000305a2390, Size=72
[2018.08.07-18.30.16:759][792]LogUObjectGlobals: Destroyed PersistentFrame Addr=0x00000000305c89a0, Size=160
[2018.08.07-18.30.16:907][792]LogDirectoryWatcher: A directory notification for '../../../Engine/Content/' was aborted.
[2018.08.07-18.30.16:907][792]LogDirectoryWatcher: A directory notification for 'H:/FogProject/FogFirstGame/CardsGame/Content/' was aborted.
[2018.08.07-18.30.16:907][792]LogDirectoryWatcher: A directory notification for '../../Plugins/2D/Paper2D/Content/' was aborted.
[2018.08.07-18.30.16:907][792]LogDirectoryWatcher: A directory notification for '../../Plugins/Enterprise/DatasmithContent/Content/' was aborted.
[2018.08.07-18.30.16:907][792]LogDirectoryWatcher: A directory notification for '../../Plugins/Media/MediaCompositing/Content/' was aborted.
[2018.08.07-18.30.16:908][792]LogDirectoryWatcher: A directory notification for '../../Plugins/Runtime/AppleARKit/Content/' was aborted.
[2018.08.07-18.30.16:908][792]LogDirectoryWatcher: A directory notification for '../../Plugins/Runtime/Oculus/OculusVR/Content/' was aborted.
[2018.08.07-18.30.16:908][792]LogDirectoryWatcher: A directory notification for '../../Plugins/Runtime/Steam/SteamVR/Content/' was aborted.
[2018.08.07-18.30.17:493][792]LogExit: Object subsystem successfully closed.
[2018.08.07-18.30.17:554][792]LogShaderCompilers: Display: Shaders left to compile 0
[2018.08.07-18.30.17:558][792]LogD3D11RHI: Shutdown
[2018.08.07-18.30.17:558][792]LogD3D11RHI: CleanupD3DDevice
[2018.08.07-18.30.17:560][792]LogD3D11RHI: ~FD3D11DynamicRHI
[2018.08.07-18.30.17:749][792]LogModuleManager: Shutting down and abandoning module SynthBenchmark (576)
[2018.08.07-18.30.17:749][792]LogModuleManager: Shutting down and abandoning module HierarchicalLODOutliner (574)
[2018.08.07-18.30.17:749][792]LogModuleManager: Shutting down and abandoning module AddContentDialog (572)
[2018.08.07-18.30.17:759][792]LogDirectoryWatcher: A directory notification for 'D:/Unreal Engine/Unreal Engine/UE_4.19/FeaturePacks/' was aborted.
[2018.08.07-18.30.17:760][792]LogModuleManager: Shutting down and abandoning module WidgetCarousel (571)
[2018.08.07-18.30.17:760][792]LogModuleManager: Shutting down and abandoning module EditorWidgets (568)
[2018.08.07-18.30.17:760][792]LogModuleManager: Shutting down and abandoning module CollectionManager (566)
[2018.08.07-18.30.17:775][792]LogDirectoryWatcher: A directory notification for 'H:/FogProject/FogFirstGame/CardsGame/Content/Collections/' was aborted.
[2018.08.07-18.30.17:775][792]LogDirectoryWatcher: A directory notification for 'H:/FogProject/FogFirstGame/CardsGame/Content/Developers/NIK/Collections/' was aborted.
[2018.08.07-18.30.17:775][792]LogDirectoryWatcher: A directory notification for 'H:/FogProject/FogFirstGame/CardsGame/Saved/Collections/' was aborted.
[2018.08.07-18.30.17:776][792]LogModuleManager: Shutting down and abandoning module SceneOutliner (564)
[2018.08.07-18.30.17:776][792]LogModuleManager: Shutting down and abandoning module StatsViewer (562)
[2018.08.07-18.30.17:776][792]LogModuleManager: Shutting down and abandoning module FoliageEdit (560)
[2018.08.07-18.30.17:776][792]LogModuleManager: Shutting down and abandoning module LandscapeEditor (558)
[2018.08.07-18.30.17:785][792]LogModuleManager: Shutting down and abandoning module MeshPaintMode (556)
[2018.08.07-18.30.17:785][792]LogModuleManager: Shutting down and abandoning module SceneDepthPickerMode (554)
[2018.08.07-18.30.17:785][792]LogModuleManager: Shutting down and abandoning module ActorPickerMode (552)
[2018.08.07-18.30.17:785][792]LogModuleManager: Shutting down and abandoning module GeometryMode (550)
[2018.08.07-18.30.17:785][792]LogModuleManager: Shutting down and abandoning module TextureAlignMode (548)
[2018.08.07-18.30.17:785][792]LogModuleManager: Shutting down and abandoning module BspMode (546)
[2018.08.07-18.30.17:785][792]LogModuleManager: Shutting down and abandoning module PIEPreviewDeviceProfileSelector (544)
[2018.08.07-18.30.17:785][792]LogModuleManager: Shutting down and abandoning module HardwareSurvey (542)
[2018.08.07-18.30.17:785][792]LogModuleManager: Shutting down and abandoning module SequenceRecorderSections (540)
[2018.08.07-18.30.17:785][792]LogModuleManager: Shutting down and abandoning module AutomationWorker (538)
[2018.08.07-18.30.17:785][792]LogModuleManager: Shutting down and abandoning module AudioCaptureEditor (536)
[2018.08.07-18.30.17:785][792]LogModuleManager: Shutting down and abandoning module SequenceRecorder (535)
[2018.08.07-18.30.17:785][792]LogModuleManager: Shutting down and abandoning module MatineeToLevelSequence (532)
[2018.08.07-18.30.17:785][792]LogModuleManager: Shutting down and abandoning module LevelSequenceEditor (530)
[2018.08.07-18.30.17:799][792]LogModuleManager: Shutting down and abandoning module PlacementMode (529)
[2018.08.07-18.30.17:799][792]LogModuleManager: Shutting down and abandoning module MaterialEditor (528)
[2018.08.07-18.30.17:837][792]LogModuleManager: Shutting down and abandoning module WmfMediaFactory (524)
[2018.08.07-18.30.17:837][792]LogModuleManager: Shutting down and abandoning module WmfMediaEditor (522)
[2018.08.07-18.30.17:837][792]LogModuleManager: Shutting down and abandoning module MediaPlayerEditor (520)
[2018.08.07-18.30.17:844][792]LogModuleManager: Shutting down and abandoning module OpenExrWrapper (518)
[2018.08.07-18.30.17:844][792]LogModuleManager: Shutting down and abandoning module ImgMediaFactory (516)
[2018.08.07-18.30.17:844][792]LogModuleManager: Shutting down and abandoning module ImgMediaEditor (514)
[2018.08.07-18.30.17:844][792]LogModuleManager: Shutting down and abandoning module AvfMediaFactory (512)
[2018.08.07-18.30.17:844][792]LogModuleManager: Shutting down and abandoning module AvfMediaEditor (510)
[2018.08.07-18.30.17:844][792]LogModuleManager: Shutting down and abandoning module AndroidMediaFactory (508)
[2018.08.07-18.30.17:844][792]LogModuleManager: Shutting down and abandoning module AndroidMediaEditor (506)
[2018.08.07-18.30.17:844][792]LogModuleManager: Shutting down and abandoning module CharacterAI (504)
[2018.08.07-18.30.17:844][792]LogModuleManager: Shutting down and abandoning module SmartSnapping (502)
[2018.08.07-18.30.17:844][792]LogModuleManager: Shutting down and abandoning module SessionServices (500)
[2018.08.07-18.30.17:844][792]LogModuleManager: Shutting down and abandoning module ViewportSnapping (498)
[2018.08.07-18.30.17:844][792]LogModuleManager: Shutting down and abandoning module ViewportInteraction (496)
[2018.08.07-18.30.17:844][792]LogModuleManager: Shutting down and abandoning module ClothPainter (494)
[2018.08.07-18.30.17:862][792]LogModuleManager: Shutting down and abandoning module SkeletalMeshEditor (493)
[2018.08.07-18.30.17:878][792]LogModuleManager: Shutting down and abandoning module LogVisualizer (490)
[2018.08.07-18.30.17:878][792]LogModuleManager: Shutting down and abandoning module IntroTutorials (488)
[2018.08.07-18.30.17:878][792]LogModuleManager: Shutting down and abandoning module GameProjectGeneration (487)
[2018.08.07-18.30.17:893][792]LogModuleManager: Shutting down and abandoning module IOSPlatformEditor (484)
[2018.08.07-18.30.17:893][792]LogModuleManager: Shutting down and abandoning module HTML5PlatformEditor (482)
[2018.08.07-18.30.17:893][792]LogModuleManager: Shutting down and abandoning module AndroidPlatformEditor (480)
[2018.08.07-18.30.17:894][792]LogModuleManager: Shutting down and abandoning module AndroidDeviceDetection (479)
[2018.08.07-18.30.17:974][792]LogModuleManager: Shutting down and abandoning module WindowsPlatformEditor (476)
[2018.08.07-18.30.17:974][792]LogModuleManager: Shutting down and abandoning module IOSRuntimeSettings (474)
[2018.08.07-18.30.17:974][792]LogModuleManager: Shutting down and abandoning module AndroidRuntimeSettings (472)
[2018.08.07-18.30.17:974][792]LogModuleManager: Shutting down and abandoning module InputBindingEditor (470)
[2018.08.07-18.30.17:974][792]LogModuleManager: Shutting down and abandoning module MergeActors (468)
[2018.08.07-18.30.17:997][792]LogModuleManager: Shutting down and abandoning module LocalizationDashboard (466)
[2018.08.07-18.30.18:005][792]LogModuleManager: Shutting down and abandoning module LocalizationService (465)
[2018.08.07-18.30.18:005][792]LogModuleManager: Shutting down and abandoning module HardwareTargeting (462)
[2018.08.07-18.30.18:005][792]LogModuleManager: Shutting down and abandoning module DeviceProfileEditor (460)
[2018.08.07-18.30.18:005][792]LogModuleManager: Shutting down and abandoning module UndoHistory (458)
[2018.08.07-18.30.18:005][792]LogModuleManager: Shutting down and abandoning module XmlParser (456)
[2018.08.07-18.30.18:005][792]LogModuleManager: Shutting down and abandoning module Blutility (454)
[2018.08.07-18.30.18:005][792]LogModuleManager: Shutting down and abandoning module ProjectSettingsViewer (452)
[2018.08.07-18.30.18:005][792]LogModuleManager: Shutting down and abandoning module ProjectTargetPlatformEditor (451)
[2018.08.07-18.30.18:005][792]LogModuleManager: Shutting down and abandoning module EditorSettingsViewer (448)
[2018.08.07-18.30.18:005][792]LogModuleManager: Shutting down and abandoning module SettingsEditor (446)
[2018.08.07-18.30.18:011][792]LogModuleManager: Shutting down and abandoning module ProjectLauncher (444)
[2018.08.07-18.30.18:020][792]LogModuleManager: Shutting down and abandoning module SessionFrontend (442)
[2018.08.07-18.30.18:020][792]LogModuleManager: Shutting down and abandoning module ProfilerClient (440)
[2018.08.07-18.30.18:029][792]LogModuleManager: Shutting down and abandoning module DeviceManager (438)
[2018.08.07-18.30.18:029][792]LogModuleManager: Shutting down and abandoning module TargetDeviceServices (437)
[2018.08.07-18.30.18:069][792]LogModuleManager: Shutting down and abandoning module AutomationController (434)
[2018.08.07-18.30.18:069][792]LogModuleManager: Shutting down and abandoning module AutomationWindow (432)
[2018.08.07-18.30.18:102][792]LogModuleManager: Shutting down and abandoning module Layers (430)
[2018.08.07-18.30.18:125][792]LogModuleManager: Shutting down and abandoning module ComponentVisualizers (428)
[2018.08.07-18.30.18:125][792]LogModuleManager: Shutting down and abandoning module DetailCustomizations (426)
[2018.08.07-18.30.18:125][792]LogModuleManager: Shutting down and abandoning module PackagesDialog (424)
[2018.08.07-18.30.18:125][792]LogModuleManager: Shutting down and abandoning module Persona (422)
[2018.08.07-18.30.18:139][792]LogModuleManager: Shutting down and abandoning module AdvancedPreviewScene (421)
[2018.08.07-18.30.18:139][792]LogModuleManager: Shutting down and abandoning module AnimGraph (419)
[2018.08.07-18.30.18:139][792]LogModuleManager: Shutting down and abandoning module Kismet (416)
[2018.08.07-18.30.18:139][792]LogModuleManager: Shutting down and abandoning module GraphEditor (414)
[2018.08.07-18.30.18:170][792]LogModuleManager: Shutting down and abandoning module ClassViewer (412)
[2018.08.07-18.30.18:170][792]LogModuleManager: Shutting down and abandoning module Toolbox (410)
[2018.08.07-18.30.18:170][792]LogModuleManager: Shutting down and abandoning module ModuleUI (408)
[2018.08.07-18.30.18:215][792]LogModuleManager: Shutting down and abandoning module MovieSceneTools (406)
[2018.08.07-18.30.18:215][792]LogModuleManager: Shutting down and abandoning module OutputLog (404)
[2018.08.07-18.30.18:215][792]LogModuleManager: Shutting down and abandoning module GammaUI (402)
[2018.08.07-18.30.18:229][792]LogModuleManager: Shutting down and abandoning module Documentation (400)
[2018.08.07-18.30.18:229][792]LogModuleManager: Shutting down and abandoning module MovieSceneTracks (398)
[2018.08.07-18.30.18:241][792]LogModuleManager: Shutting down and abandoning module MovieScene (396)
[2018.08.07-18.30.18:241][792]LogModuleManager: Shutting down and abandoning module StreamingPauseRendering (394)
[2018.08.07-18.30.18:241][792]LogModuleManager: Shutting down and abandoning module LauncherPlatform (392)
[2018.08.07-18.30.18:241][792]LogModuleManager: Shutting down and abandoning module AnalyticsET (390)
[2018.08.07-18.30.18:241][792]LogModuleManager: Shutting down and abandoning module PortalServices (388)
[2018.08.07-18.30.18:242][792]LogModuleManager: Shutting down and abandoning module PortalRpc (386)
[2018.08.07-18.30.18:242][792]LogModuleManager: Shutting down and abandoning module MessagingRpc (384)
[2018.08.07-18.30.18:242][792]LogModuleManager: Shutting down and abandoning module AIModule (382)
[2018.08.07-18.30.18:242][792]LogModuleManager: Shutting down and abandoning module GameplayDebugger (381)
[2018.08.07-18.30.18:242][792]LogModuleManager: Shutting down and abandoning module AITestSuite (379)
[2018.08.07-18.30.18:242][792]LogModuleManager: Shutting down and abandoning module DesktopPlatform (376)
[2018.08.07-18.30.18:242][792]LogModuleManager: Shutting down and abandoning module ProfilerService (374)
[2018.08.07-18.30.18:346][792]LogModuleManager: Shutting down and abandoning module TaskGraph (372)
[2018.08.07-18.30.18:346][792]LogModuleManager: Shutting down and abandoning module SteamVRController (370)
[2018.08.07-18.30.18:346][792]LogModuleManager: Shutting down and abandoning module ProceduralMeshComponentEditor (368)
[2018.08.07-18.30.18:346][792]LogModuleManager: Shutting down and abandoning module ProceduralMeshComponent (366)
[2018.08.07-18.30.18:346][792]LogModuleManager: Shutting down and abandoning module OculusInput (364)
[2018.08.07-18.30.18:346][792]LogModuleManager: Shutting down and abandoning module MobilePatchingUtils (362)
[2018.08.07-18.30.18:346][792]LogModuleManager: Shutting down and abandoning module CustomMeshComponent (360)
[2018.08.07-18.30.18:346][792]LogModuleManager: Shutting down and abandoning module CableComponent (358)
[2018.08.07-18.30.18:346][792]LogModuleManager: Shutting down and abandoning module AudioCapture (356)
[2018.08.07-18.30.18:346][792]LogModuleManager: Shutting down and abandoning module ArchVisCharacter (354)
[2018.08.07-18.30.18:346][792]LogModuleManager: Shutting down and abandoning module AndroidPermission (352)
[2018.08.07-18.30.18:346][792]LogModuleManager: Shutting down and abandoning module NUTUnrealEngine4 (348)
[2018.08.07-18.30.18:346][792]LogModuleManager: Shutting down and abandoning module NetcodeUnitTest (346)
[2018.08.07-18.30.18:375][792]LogModuleManager: Shutting down and abandoning module MediaCompositingEditor (344)
[2018.08.07-18.30.18:375][792]LogModuleManager: Shutting down and abandoning module MediaCompositing (342)
[2018.08.07-18.30.18:375][792]LogModuleManager: Shutting down and abandoning module LinearTimecode (340)
[2018.08.07-18.30.18:375][792]LogModuleManager: Shutting down and abandoning module ImgMedia (338)
[2018.08.07-18.30.18:378][792]LogModuleManager: Shutting down and abandoning module HTML5Networking (336)
[2018.08.07-18.30.18:378][792]LogModuleManager: Shutting down and abandoning module AlembicImporter (334)
[2018.08.07-18.30.18:378][792]LogModuleManager: Shutting down and abandoning module AlembicLibrary (333)
[2018.08.07-18.30.18:378][792]LogModuleManager: Shutting down and abandoning module GeometryCache (332)
[2018.08.07-18.30.18:378][792]LogModuleManager: Shutting down and abandoning module GeometryCacheEd (331)
[2018.08.07-18.30.18:378][792]LogModuleManager: Shutting down and abandoning module DatasmithContent (326)
[2018.08.07-18.30.18:378][792]LogModuleManager: Shutting down and abandoning module SpeedTreeImporter (324)
[2018.08.07-18.30.18:378][792]LogModuleManager: Shutting down and abandoning module PluginBrowser (322)
[2018.08.07-18.30.18:392][792]LogModuleManager: Shutting down and abandoning module MobileLauncherProfileWizard (320)
[2018.08.07-18.30.18:400][792]LogModuleManager: Shutting down and abandoning module CryptoKeysOpenSSL (318)
[2018.08.07-18.30.18:400][792]LogModuleManager: Shutting down and abandoning module CryptoKeys (316)
[2018.08.07-18.30.18:400][792]LogModuleManager: Shutting down and abandoning module VisualStudioSourceCodeAccess (314)
[2018.08.07-18.30.18:400][792]LogModuleManager: Shutting down and abandoning module VisualStudioCodeSourceCodeAccess (312)
[2018.08.07-18.30.18:400][792]LogModuleManager: Shutting down and abandoning module UObjectPlugin (310)
[2018.08.07-18.30.18:400][792]LogModuleManager: Shutting down and abandoning module SubversionSourceControl (308)
[2018.08.07-18.30.18:400][792]LogModuleManager: Shutting down and abandoning module PerforceSourceControl (306)
[2018.08.07-18.30.18:400][792]LogModuleManager: Shutting down and abandoning module GitSourceControl (304)
[2018.08.07-18.30.18:400][792]LogModuleManager: Shutting down and abandoning module SourceControl (303)
[2018.08.07-18.30.18:401][792]LogModuleManager: Shutting down and abandoning module CLionSourceCodeAccess (300)
[2018.08.07-18.30.18:401][792]LogModuleManager: Shutting down and abandoning module LightPropagationVolumeEditor (298)
[2018.08.07-18.30.18:401][792]LogModuleManager: Shutting down and abandoning module PaperTiledImporter (296)
[2018.08.07-18.30.18:401][792]LogModuleManager: Shutting down and abandoning module PaperSpriteSheetImporter (294)
[2018.08.07-18.30.18:401][792]LogModuleManager: Shutting down and abandoning module Paper2DEditor (292)
[2018.08.07-18.30.18:411][792]LogModuleManager: Shutting down and abandoning module MeshPaint (291)
[2018.08.07-18.30.18:411][792]LogModuleManager: Shutting down and abandoning module RuntimePhysXCooking (288)
[2018.08.07-18.30.18:411][792]LogModuleManager: Shutting down and abandoning module PhysXVehiclesEditor (286)
[2018.08.07-18.30.18:411][792]LogModuleManager: Shutting down and abandoning module PhysXVehicles (284)
[2018.08.07-18.30.18:411][792]LogModuleManager: Shutting down and abandoning module OculusEditor (282)
[2018.08.07-18.30.18:411][792]LogModuleManager: Shutting down and abandoning module LocationServicesBPLibrary (280)
[2018.08.07-18.30.18:411][792]LogModuleManager: Shutting down and abandoning module ImmediatePhysicsEditor (278)
[2018.08.07-18.30.18:411][792]LogModuleManager: Shutting down and abandoning module ImmediatePhysics (276)
[2018.08.07-18.30.18:411][792]LogModuleManager: Shutting down and abandoning module ActorSequence (274)
[2018.08.07-18.30.18:411][792]LogModuleManager: Shutting down and abandoning module UdpMessaging (272)
[2018.08.07-18.30.18:511][792]LogModuleManager: Shutting down and abandoning module TcpMessaging (270)
[2018.08.07-18.30.18:611][792]LogModuleManager: Shutting down and abandoning module GameplayTagsEditor (268)
[2018.08.07-18.30.18:612][792]LogModuleManager: Shutting down and abandoning module FacialAnimationEditor (266)
[2018.08.07-18.30.18:612][792]LogModuleManager: Shutting down and abandoning module FacialAnimation (264)
[2018.08.07-18.30.18:612][792]LogModuleManager: Shutting down and abandoning module DataValidation (262)
[2018.08.07-18.30.18:631][792]LogModuleManager: Shutting down and abandoning module AssetManagerEditor (260)
[2018.08.07-18.30.18:639][792]LogModuleManager: Shutting down and abandoning module LevelEditor (259)
[2018.08.07-18.30.18:639][792]LogModuleManager: Shutting down and abandoning module PixelInspectorModule (258)
[2018.08.07-18.30.18:639][792]LogModuleManager: Shutting down and abandoning module CommonMenuExtensions (256)
[2018.08.07-18.30.18:639][792]LogModuleManager: Shutting down and abandoning module MainFrame (254)
[2018.08.07-18.30.18:639][792]LogModuleManager: Shutting down and abandoning module HotReload (253)
[2018.08.07-18.30.18:640][792]LogModuleManager: Shutting down and abandoning module ContentBrowser (249)
[2018.08.07-18.30.18:640][792]LogModuleManager: Shutting down and abandoning module TreeMap (247)
[2018.08.07-18.30.18:640][792]LogModuleManager: Shutting down and abandoning module LightPropagationVolumeRuntime (244)
[2018.08.07-18.30.18:640][792]LogModuleManager: Shutting down and abandoning module LiveLinkEditor (242)
[2018.08.07-18.30.18:640][792]LogModuleManager: Shutting down and abandoning module LiveLink (240)
[2018.08.07-18.30.19:131][792]LogModuleManager: Shutting down and abandoning module Paper2D (238)
[2018.08.07-18.30.19:131][792]LogModuleManager: Shutting down and abandoning module WindowsMoviePlayer (236)
[2018.08.07-18.30.19:131][792]LogModuleManager: Shutting down and abandoning module WmfMedia (234)
[2018.08.07-18.30.19:147][792]LogModuleManager: Shutting down and abandoning module Media (233)
[2018.08.07-18.30.19:152][792]LogModuleManager: Shutting down and abandoning module PacketHandler (230)
[2018.08.07-18.30.19:152][792]LogModuleManager: Shutting down and abandoning module ClothingSystemEditor (228)
[2018.08.07-18.30.19:152][792]LogModuleManager: Shutting down and abandoning module ClothingSystemRuntime (226)
[2018.08.07-18.30.19:170][792]LogModuleManager: Shutting down and abandoning module MediaAssets (224)
[2018.08.07-18.30.19:170][792]LogModuleManager: Shutting down and abandoning module Overlay (222)
[2018.08.07-18.30.19:170][792]LogModuleManager: Shutting down and abandoning module OverlayEditor (221)
[2018.08.07-18.30.19:170][792]LogModuleManager: Shutting down and abandoning module VREditor (218)
[2018.08.07-18.30.19:183][792]LogModuleManager: Shutting down and abandoning module StringTableEditor (216)
[2018.08.07-18.30.19:183][792]LogModuleManager: Shutting down and abandoning module GameplayTasksEditor (214)
[2018.08.07-18.30.19:183][792]LogModuleManager: Shutting down and abandoning module BehaviorTreeEditor (212)
[2018.08.07-18.30.19:197][792]LogModuleManager: Shutting down and abandoning module FunctionalTesting (210)
[2018.08.07-18.30.19:197][792]LogModuleManager: Shutting down and abandoning module CollisionAnalyzer (208)
[2018.08.07-18.30.19:197][792]LogModuleManager: Shutting down and abandoning module WorkspaceMenuStructure (207)
[2018.08.07-18.30.19:197][792]LogModuleManager: Shutting down and abandoning module UMG (204)
[2018.08.07-18.30.19:207][792]LogModuleManager: Shutting down and abandoning module UMGEditor (203)
[2018.08.07-18.30.19:236][792]LogModuleManager: Shutting down and abandoning module Sequencer (202)
[2018.08.07-18.30.19:261][792]LogModuleManager: Shutting down and abandoning module MessageLog (199)
[2018.08.07-18.30.19:261][792]LogModuleManager: Shutting down and abandoning module SlateReflector (194)
[2018.08.07-18.30.19:282][792]LogModuleManager: Shutting down and abandoning module Slate (192)
[2018.08.07-18.30.19:282][792]LogModuleManager: Shutting down and abandoning module EditorStyle (190)
[2018.08.07-18.30.19:284][792]LogModuleManager: Shutting down and abandoning module MRMesh (188)
[2018.08.07-18.30.19:284][792]LogModuleManager: Shutting down and abandoning module SourceCodeAccess (186)
[2018.08.07-18.30.19:284][792]LogModuleManager: Shutting down and abandoning module HeadMountedDisplay (184)
[2018.08.07-18.30.19:284][792]LogModuleManager: Shutting down and abandoning module XAudio2 (182)
[2018.08.07-18.30.19:284][792]LogModuleManager: Shutting down and abandoning module Networking (180)
[2018.08.07-18.30.19:284][792]LogModuleManager: Shutting down and abandoning module Core (178)
[2018.08.07-18.30.19:284][792]LogModuleManager: Shutting down and abandoning module LevelSequence (176)
[2018.08.07-18.30.19:284][792]LogModuleManager: Shutting down and abandoning module KismetCompiler (174)
[2018.08.07-18.30.19:284][792]LogModuleManager: Shutting down and abandoning module MeshUtilities (172)
[2018.08.07-18.30.19:284][792]LogModuleManager: Shutting down and abandoning module MeshMergeUtilities (171)
[2018.08.07-18.30.19:284][792]LogModuleManager: Shutting down and abandoning module MeshReductionInterface (170)
[2018.08.07-18.30.19:284][792]LogModuleManager: Shutting down and abandoning module SimplygonSwarm (169)
[2018.08.07-18.30.19:284][792]LogModuleManager: Shutting down and abandoning module SimplygonMeshReduction (167)
[2018.08.07-18.30.19:284][792]LogModuleManager: Shutting down and abandoning module QuadricMeshReduction (165)
[2018.08.07-18.30.19:284][792]LogModuleManager: Shutting down and abandoning module MaterialBaking (161)
[2018.08.07-18.30.19:284][792]LogModuleManager: Shutting down and abandoning module DirectoryWatcher (157)
[2018.08.07-18.30.19:284][792]LogModuleManager: Shutting down and abandoning module DerivedDataCache (154)
[2018.08.07-18.30.19:341][792]LogDerivedDataCache: Shutdown
[2018.08.07-18.30.19:341][792]LogModuleManager: Shutting down and abandoning module XGEController (152)
[2018.08.07-18.30.19:341][792]LogXGEController: Cleaning working directory: C:/Users/NIK/AppData/Local/Temp/UnrealXGEWorkingDir/
[2018.08.07-18.30.19:341][792]LogModuleManager: Shutting down and abandoning module TargetPlatform (150)
[2018.08.07-18.30.19:341][792]LogModuleManager: Shutting down and abandoning module VulkanShaderFormat (149)
[2018.08.07-18.30.19:341][792]LogModuleManager: Shutting down and abandoning module ShaderFormatVectorVM (147)
[2018.08.07-18.30.19:355][792]LogModuleManager: Shutting down and abandoning module ShaderFormatOpenGL (145)
[2018.08.07-18.30.19:393][792]LogModuleManager: Shutting down and abandoning module ShaderFormatD3D (143)
[2018.08.07-18.30.19:394][792]LogModuleManager: Shutting down and abandoning module MetalShaderFormat (141)
[2018.08.07-18.30.19:403][792]LogModuleManager: Shutting down and abandoning module TextureFormatUncompressed (139)
[2018.08.07-18.30.19:403][792]LogModuleManager: Shutting down and abandoning module TextureFormatPVR (137)
[2018.08.07-18.30.19:403][792]LogModuleManager: Shutting down and abandoning module TextureFormatDXT (135)
[2018.08.07-18.30.19:403][792]LogModuleManager: Shutting down and abandoning module TextureFormatIntelISPCTexComp (133)
[2018.08.07-18.30.19:403][792]LogModuleManager: Shutting down and abandoning module TextureFormatASTC (131)
[2018.08.07-18.30.19:403][792]LogModuleManager: Shutting down and abandoning module ImageWrapper (130)
[2018.08.07-18.30.19:403][792]LogModuleManager: Shutting down and abandoning module TextureFormatAndroid (127)
[2018.08.07-18.30.19:403][792]LogModuleManager: Shutting down and abandoning module AudioFormatOpus (125)
[2018.08.07-18.30.19:403][792]LogModuleManager: Shutting down and abandoning module AudioFormatOgg (123)
[2018.08.07-18.30.19:403][792]LogModuleManager: Shutting down and abandoning module AudioFormatADPCM (121)
[2018.08.07-18.30.19:403][792]LogModuleManager: Shutting down and abandoning module LinuxTargetPlatform (119)
[2018.08.07-18.30.19:403][792]LogModuleManager: Shutting down and abandoning module LinuxServerTargetPlatform (117)
[2018.08.07-18.30.19:403][792]LogModuleManager: Shutting down and abandoning module LinuxNoEditorTargetPlatform (115)
[2018.08.07-18.30.19:403][792]LogModuleManager: Shutting down and abandoning module LinuxClientTargetPlatform (113)
[2018.08.07-18.30.19:403][792]LogModuleManager: Shutting down and abandoning module TVOSTargetPlatform (111)
[2018.08.07-18.30.19:403][792]LogModuleManager: Shutting down and abandoning module Messaging (109)
[2018.08.07-18.30.19:403][792]LogModuleManager: Shutting down and abandoning module IOSTargetPlatform (107)
[2018.08.07-18.30.19:403][792]LogModuleManager: Shutting down and abandoning module HTML5TargetPlatform (105)
[2018.08.07-18.30.19:403][792]LogModuleManager: Shutting down and abandoning module AndroidTargetPlatform (103)
[2018.08.07-18.30.19:403][792]LogModuleManager: Shutting down and abandoning module Android_PVRTCTargetPlatform (101)
[2018.08.07-18.30.19:403][792]LogModuleManager: Shutting down and abandoning module Android_MultiTargetPlatform (99)
[2018.08.07-18.30.19:403][792]LogModuleManager: Shutting down and abandoning module Android_ETC2TargetPlatform (97)
[2018.08.07-18.30.19:403][792]LogModuleManager: Shutting down and abandoning module Android_ETC1TargetPlatform (95)
[2018.08.07-18.30.19:403][792]LogModuleManager: Shutting down and abandoning module Android_ETC1aTargetPlatform (93)
[2018.08.07-18.30.19:403][792]LogModuleManager: Shutting down and abandoning module Android_DXTTargetPlatform (91)
[2018.08.07-18.30.19:403][792]LogModuleManager: Shutting down and abandoning module Android_ATCTargetPlatform (89)
[2018.08.07-18.30.19:403][792]LogModuleManager: Shutting down and abandoning module Android_ASTCTargetPlatform (87)
[2018.08.07-18.30.19:403][792]LogModuleManager: Shutting down and abandoning module WindowsTargetPlatform (85)
[2018.08.07-18.30.19:403][792]LogModuleManager: Shutting down and abandoning module WindowsServerTargetPlatform (83)
[2018.08.07-18.30.19:403][792]LogModuleManager: Shutting down and abandoning module WindowsNoEditorTargetPlatform (81)
[2018.08.07-18.30.19:403][792]LogModuleManager: Shutting down and abandoning module WindowsClientTargetPlatform (79)
[2018.08.07-18.30.19:403][792]LogModuleManager: Shutting down and abandoning module MacTargetPlatform (77)
[2018.08.07-18.30.19:403][792]LogModuleManager: Shutting down and abandoning module MacServerTargetPlatform (75)
[2018.08.07-18.30.19:403][792]LogModuleManager: Shutting down and abandoning module MacNoEditorTargetPlatform (73)
[2018.08.07-18.30.19:403][792]LogModuleManager: Shutting down and abandoning module MacClientTargetPlatform (71)
[2018.08.07-18.30.19:403][792]LogModuleManager: Shutting down and abandoning module AllDesktopTargetPlatform (69)
[2018.08.07-18.30.19:404][792]LogModuleManager: Shutting down and abandoning module InputCore (66)
[2018.08.07-18.30.19:404][792]LogModuleManager: Shutting down and abandoning module Settings (64)
[2018.08.07-18.30.19:404][792]LogModuleManager: Shutting down and abandoning module PhysXCooking (62)
[2018.08.07-18.30.19:404][792]LogModuleManager: Shutting down and abandoning module SteamVR (60)
[2018.08.07-18.30.19:404][792]LogModuleManager: Shutting down and abandoning module OculusHMD (58)
[2018.08.07-18.30.19:404][792]LogModuleManager: Shutting down and abandoning module ExampleDeviceProfileSelector (56)
[2018.08.07-18.30.19:404][792]LogModuleManager: Shutting down and abandoning module AppleARKit (54)
[2018.08.07-18.30.19:404][792]LogModuleManager: Shutting down and abandoning module AugmentedReality (51)
[2018.08.07-18.30.19:404][792]LogModuleManager: Shutting down and abandoning module OnlineBlueprintSupport (48)
[2018.08.07-18.30.19:404][792]LogModuleManager: Shutting down and abandoning module OnlineSubsystem (44)
[2018.08.07-18.30.19:424][792]LogModuleManager: Shutting down and abandoning module XMPP (43)
[2018.08.07-18.30.19:431][792]LogModuleManager: Shutting down and abandoning module HTTP (41)
[2018.08.07-18.30.19:442][792]LogHttp: Display: Http module shutting down, but needs to wait on 1 outstanding Http requests:
[2018.08.07-18.30.19:442][792]LogHttp: Display: 	verb=[POST] url=[https://datarouter.ol.epicgames.com/datarouter/api/v1/public/data?SessionID=%7BB44E0499-41D3-5073-A571-8C94E40A90EC%7D&AppID=UEEditor.Rocket.Release&AppVersion=4.19.2-4033788%2B%2B%2BUE4%2BRelease-4.19&UserID=c7a0fdd240cce8912b5144ae1b091375%7C9c369d8da6dc467797969de3d7ba8018%7C184acdbb-01e9-47c5-be06-36e60aefe687&AppEnvironment=datacollector-binary&UploadType=eteventstream] status=Processing
[2018.08.07-18.30.19:444][792]LogModuleManager: Shutting down and abandoning module SSL (40)
[2018.08.07-18.30.19:445][792]LogModuleManager: Shutting down and abandoning module AnimationModifiers (36)
[2018.08.07-18.30.19:445][792]LogModuleManager: Shutting down and abandoning module PropertyEditor (35)
[2018.08.07-18.30.19:464][792]LogModuleManager: Shutting down and abandoning module AudioEditor (32)
[2018.08.07-18.30.19:481][792]LogModuleManager: Shutting down and abandoning module TextureCompressor (30)
[2018.08.07-18.30.19:517][792]LogModuleManager: Shutting down and abandoning module ShaderCore (28)
[2018.08.07-18.30.19:517][792]LogModuleManager: Shutting down and abandoning module Landscape (26)
[2018.08.07-18.30.19:517][792]LogModuleManager: Shutting down and abandoning module SlateRHIRenderer (24)
[2018.08.07-18.30.19:551][792]LogModuleManager: Shutting down and abandoning module OpenGLDrv (22)
[2018.08.07-18.30.19:565][792]LogModuleManager: Shutting down and abandoning module D3D11RHI (20)
[2018.08.07-18.30.19:566][792]LogModuleManager: Shutting down and abandoning module AnimGraphRuntime (18)
[2018.08.07-18.30.19:566][792]LogModuleManager: Shutting down and abandoning module Renderer (16)
[2018.08.07-18.30.19:566][792]LogModuleManager: Shutting down and abandoning module Engine (14)
[2018.08.07-18.30.19:566][792]LogModuleManager: Shutting down and abandoning module CoreUObject (12)
[2018.08.07-18.30.19:566][792]LogModuleManager: Shutting down and abandoning module NetworkFile (10)
[2018.08.07-18.30.19:566][792]LogModuleManager: Shutting down and abandoning module CookedIterativeFile (8)
[2018.08.07-18.30.19:566][792]LogModuleManager: Shutting down and abandoning module StreamingFile (6)
[2018.08.07-18.30.19:566][792]LogModuleManager: Shutting down and abandoning module SandboxFile (4)
[2018.08.07-18.30.19:566][792]LogModuleManager: Shutting down and abandoning module PakFile (2)
[2018.08.07-18.30.19:620][792]LogExit: Exiting.
[2018.08.07-18.30.19:625][792]Log file closed, 08/07/18 21:30:19
